This file contains any messages produced by compilers while
running configure, to aid debugging if configure makes a mistake.

It was created by SVGL libs & demos configure 1.x, which was
generated by GNU Autoconf 2.69.  Invocation command line was

  $ ./configure 

## --------- ##
## Platform. ##
## --------- ##

hostname = jdean-mbp.local
uname -m = x86_64
uname -r = 15.2.0
uname -s = Darwin
uname -v = Darwin Kernel Version 15.2.0: Fri Nov 13 19:56:56 PST 2015; root:xnu-3248.20.55~2/RELEASE_X86_64

/usr/bin/uname -p = i386
/bin/uname -X     = unknown

/bin/arch              = unknown
/usr/bin/arch -k       = unknown
/usr/convex/getsysinfo = unknown
/usr/bin/hostinfo      = Mach kernel version:
	 Darwin Kernel Version 15.2.0: Fri Nov 13 19:56:56 PST 2015; root:xnu-3248.20.55~2/RELEASE_X86_64
Kernel configured for up to 4 processors.
2 processors are physically available.
4 processors are logically available.
Processor type: x86_64h (Intel x86-64h Haswell)
Processors active: 0 1 2 3
Primary memory available: 16.00 gigabytes
Default processor set: 333 tasks, 1750 threads, 4 processors
Load average: 2.71, Mach factor: 1.36
/bin/machine           = unknown
/usr/bin/oslevel       = unknown
/bin/universe          = unknown

PATH: /usr/local/bin
PATH: /usr/bin
PATH: /bin
PATH: /usr/sbin
PATH: /sbin
PATH: /opt/X11/bin


## ----------- ##
## Core tests. ##
## ----------- ##

configure:2480: checking for bash
configure:2510: result: /bin/sh
configure:2565: checking build system type
configure:2579: result: x86_64-apple-darwin15.2.0
configure:2599: checking host system type
configure:2612: result: x86_64-apple-darwin15.2.0
configure:2632: checking target system type
configure:2645: result: x86_64-apple-darwin15.2.0
configure:2688: checking for a BSD-compatible install
configure:2756: result: /usr/bin/install -c
configure:2767: checking whether build environment is sane
configure:2822: result: yes
configure:2973: checking for a thread-safe mkdir -p
configure:3012: result: tools/install-sh -c -d
configure:3019: checking for gawk
configure:3049: result: no
configure:3019: checking for mawk
configure:3049: result: no
configure:3019: checking for nawk
configure:3049: result: no
configure:3019: checking for awk
configure:3035: found /usr/bin/awk
configure:3046: result: awk
configure:3057: checking whether make sets $(MAKE)
configure:3079: result: yes
configure:3108: checking whether make supports nested variables
configure:3125: result: yes
configure:3259: checking whether make sets $(MAKE)
configure:3281: result: yes
configure:3349: checking for g++
configure:3365: found /usr/bin/g++
configure:3376: result: g++
configure:3403: checking for C++ compiler version
configure:3412: g++ --version >&5
Apple LLVM version 7.0.2 (clang-700.1.81)
Target: x86_64-apple-darwin15.2.0
Thread model: posix
Configured with: --prefix=/Applications/Xcode.app/Contents/Developer/usr --with-gxx-include-dir=/usr/include/c++/4.2.1
configure:3423: $? = 0
configure:3412: g++ -v >&5
Configured with: --prefix=/Applications/Xcode.app/Contents/Developer/usr --with-gxx-include-dir=/usr/include/c++/4.2.1
Apple LLVM version 7.0.2 (clang-700.1.81)
Target: x86_64-apple-darwin15.2.0
Thread model: posix
configure:3423: $? = 0
configure:3412: g++ -V >&5
clang: error: argument to '-V' is missing (expected 1 value)
clang: error: no input files
configure:3423: $? = 1
configure:3412: g++ -qversion >&5
clang: error: unknown argument: '-qversion'
clang: error: no input files
configure:3423: $? = 1
configure:3443: checking whether the C++ compiler works
configure:3465: g++    conftest.cpp  >&5
configure:3469: $? = 0
configure:3517: result: yes
configure:3520: checking for C++ compiler default output file name
configure:3522: result: a.out
configure:3528: checking for suffix of executables
configure:3535: g++ -o conftest    conftest.cpp  >&5
configure:3539: $? = 0
configure:3561: result: 
configure:3583: checking whether we are cross compiling
configure:3591: g++ -o conftest    conftest.cpp  >&5
configure:3595: $? = 0
configure:3602: ./conftest
configure:3606: $? = 0
configure:3621: result: no
configure:3626: checking for suffix of object files
configure:3648: g++ -c   conftest.cpp >&5
configure:3652: $? = 0
configure:3673: result: o
configure:3677: checking whether we are using the GNU C++ compiler
configure:3696: g++ -c   conftest.cpp >&5
configure:3696: $? = 0
configure:3705: result: yes
configure:3714: checking whether g++ accepts -g
configure:3734: g++ -c -g  conftest.cpp >&5
configure:3734: $? = 0
configure:3775: result: yes
configure:3809: checking for style of include used by make
configure:3837: result: GNU
configure:3863: checking dependency style of g++
configure:3974: result: gcc3
configure:4036: checking how to print strings
configure:4063: result: printf
configure:4132: checking for gcc
configure:4159: result: g++
configure:4388: checking for C compiler version
configure:4397: g++ --version >&5
Apple LLVM version 7.0.2 (clang-700.1.81)
Target: x86_64-apple-darwin15.2.0
Thread model: posix
Configured with: --prefix=/Applications/Xcode.app/Contents/Developer/usr --with-gxx-include-dir=/usr/include/c++/4.2.1
configure:4408: $? = 0
configure:4397: g++ -v >&5
Configured with: --prefix=/Applications/Xcode.app/Contents/Developer/usr --with-gxx-include-dir=/usr/include/c++/4.2.1
Apple LLVM version 7.0.2 (clang-700.1.81)
Target: x86_64-apple-darwin15.2.0
Thread model: posix
configure:4408: $? = 0
configure:4397: g++ -V >&5
clang: error: argument to '-V' is missing (expected 1 value)
clang: error: no input files
configure:4408: $? = 1
configure:4397: g++ -qversion >&5
clang: error: unknown argument: '-qversion'
clang: error: no input files
configure:4408: $? = 1
configure:4412: checking whether we are using the GNU C compiler
configure:4431: g++ -c   conftest.c >&5
clang: warning: treating 'c' input as 'c++' when in C++ mode, this behavior is deprecated
configure:4431: $? = 0
configure:4440: result: yes
configure:4449: checking whether g++ accepts -g
configure:4469: g++ -c -g  conftest.c >&5
clang: warning: treating 'c' input as 'c++' when in C++ mode, this behavior is deprecated
configure:4469: $? = 0
configure: failed program was:
| /* confdefs.h */
| #define PACKAGE_NAME "SVGL libs & demos"
| #define PACKAGE_TARNAME "svgl"
| #define PACKAGE_VERSION "1.x"
| #define PACKAGE_STRING "SVGL libs & demos 1.x"
| #define PACKAGE_BUGREPORT "courtois@lri.fr"
| #define PACKAGE_URL ""
| #define PACKAGE "svgl"
| #define VERSION "0.1"
| /* end confdefs.h.  */
| 
| int
| main ()
| {
| 
|   ;
|   return 0;
| }
configure:4484: g++ -c   conftest.c >&5
clang: warning: treating 'c' input as 'c++' when in C++ mode, this behavior is deprecated
configure:4484: $? = 0
configure: failed program was:
| /* confdefs.h */
| #define PACKAGE_NAME "SVGL libs & demos"
| #define PACKAGE_TARNAME "svgl"
| #define PACKAGE_VERSION "1.x"
| #define PACKAGE_STRING "SVGL libs & demos 1.x"
| #define PACKAGE_BUGREPORT "courtois@lri.fr"
| #define PACKAGE_URL ""
| #define PACKAGE "svgl"
| #define VERSION "0.1"
| /* end confdefs.h.  */
| 
| int
| main ()
| {
| 
|   ;
|   return 0;
| }
configure:4500: g++ -c -g  conftest.c >&5
clang: warning: treating 'c' input as 'c++' when in C++ mode, this behavior is deprecated
configure:4500: $? = 0
configure:4510: result: yes
configure:4527: checking for g++ option to accept ISO C89
configure:4590: g++  -c -g -O2  conftest.c >&5
clang: warning: treating 'c' input as 'c++' when in C++ mode, this behavior is deprecated
conftest.c:17:17: error: C++ requires a type specifier for all declarations
static char *e (p, i)
                ^
conftest.c:17:20: error: unknown type name 'i'
static char *e (p, i)
                   ^
conftest.c:17:22: error: expected ';' after top level declarator
static char *e (p, i)
                     ^
                     ;
conftest.c:20:1: error: expected unqualified-id
{
^
4 errors generated.
configure:4590: $? = 1
configure: failed program was:
| /* confdefs.h */
| #define PACKAGE_NAME "SVGL libs & demos"
| #define PACKAGE_TARNAME "svgl"
| #define PACKAGE_VERSION "1.x"
| #define PACKAGE_STRING "SVGL libs & demos 1.x"
| #define PACKAGE_BUGREPORT "courtois@lri.fr"
| #define PACKAGE_URL ""
| #define PACKAGE "svgl"
| #define VERSION "0.1"
| /* end confdefs.h.  */
| #include <stdarg.h>
| #include <stdio.h>
| struct stat;
| /* Most of the following tests are stolen from RCS 5.7's src/conf.sh.  */
| struct buf { int x; };
| FILE * (*rcsopen) (struct buf *, struct stat *, int);
| static char *e (p, i)
|      char **p;
|      int i;
| {
|   return p[i];
| }
| static char *f (char * (*g) (char **, int), char **p, ...)
| {
|   char *s;
|   va_list v;
|   va_start (v,p);
|   s = g (p, va_arg (v,int));
|   va_end (v);
|   return s;
| }
| 
| /* OSF 4.0 Compaq cc is some sort of almost-ANSI by default.  It has
|    function prototypes and stuff, but not '\xHH' hex character constants.
|    These don't provoke an error unfortunately, instead are silently treated
|    as 'x'.  The following induces an error, until -std is added to get
|    proper ANSI mode.  Curiously '\x00'!='x' always comes out true, for an
|    array size at least.  It's necessary to write '\x00'==0 to get something
|    that's true only with -std.  */
| int osf4_cc_array ['\x00' == 0 ? 1 : -1];
| 
| /* IBM C 6 for AIX is almost-ANSI by default, but it replaces macro parameters
|    inside strings and character constants.  */
| #define FOO(x) 'x'
| int xlc6_cc_array[FOO(a) == 'x' ? 1 : -1];
| 
| int test (int i, double x);
| struct s1 {int (*f) (int a);};
| struct s2 {int (*f) (double a);};
| int pairnames (int, char **, FILE *(*)(struct buf *, struct stat *, int), int, int);
| int argc;
| char **argv;
| int
| main ()
| {
| return f (e, argv, 0) != argv[0]  ||  f (e, argv, 1) != argv[1];
|   ;
|   return 0;
| }
configure:4590: g++ -qlanglvl=extc89 -c -g -O2  conftest.c >&5
clang: error: unknown argument: '-qlanglvl=extc89'
clang: warning: treating 'c' input as 'c++' when in C++ mode, this behavior is deprecated
configure:4590: $? = 1
configure: failed program was:
| /* confdefs.h */
| #define PACKAGE_NAME "SVGL libs & demos"
| #define PACKAGE_TARNAME "svgl"
| #define PACKAGE_VERSION "1.x"
| #define PACKAGE_STRING "SVGL libs & demos 1.x"
| #define PACKAGE_BUGREPORT "courtois@lri.fr"
| #define PACKAGE_URL ""
| #define PACKAGE "svgl"
| #define VERSION "0.1"
| /* end confdefs.h.  */
| #include <stdarg.h>
| #include <stdio.h>
| struct stat;
| /* Most of the following tests are stolen from RCS 5.7's src/conf.sh.  */
| struct buf { int x; };
| FILE * (*rcsopen) (struct buf *, struct stat *, int);
| static char *e (p, i)
|      char **p;
|      int i;
| {
|   return p[i];
| }
| static char *f (char * (*g) (char **, int), char **p, ...)
| {
|   char *s;
|   va_list v;
|   va_start (v,p);
|   s = g (p, va_arg (v,int));
|   va_end (v);
|   return s;
| }
| 
| /* OSF 4.0 Compaq cc is some sort of almost-ANSI by default.  It has
|    function prototypes and stuff, but not '\xHH' hex character constants.
|    These don't provoke an error unfortunately, instead are silently treated
|    as 'x'.  The following induces an error, until -std is added to get
|    proper ANSI mode.  Curiously '\x00'!='x' always comes out true, for an
|    array size at least.  It's necessary to write '\x00'==0 to get something
|    that's true only with -std.  */
| int osf4_cc_array ['\x00' == 0 ? 1 : -1];
| 
| /* IBM C 6 for AIX is almost-ANSI by default, but it replaces macro parameters
|    inside strings and character constants.  */
| #define FOO(x) 'x'
| int xlc6_cc_array[FOO(a) == 'x' ? 1 : -1];
| 
| int test (int i, double x);
| struct s1 {int (*f) (int a);};
| struct s2 {int (*f) (double a);};
| int pairnames (int, char **, FILE *(*)(struct buf *, struct stat *, int), int, int);
| int argc;
| char **argv;
| int
| main ()
| {
| return f (e, argv, 0) != argv[0]  ||  f (e, argv, 1) != argv[1];
|   ;
|   return 0;
| }
configure:4590: g++ -qlanglvl=ansi -c -g -O2  conftest.c >&5
clang: error: unknown argument: '-qlanglvl=ansi'
clang: warning: treating 'c' input as 'c++' when in C++ mode, this behavior is deprecated
configure:4590: $? = 1
configure: failed program was:
| /* confdefs.h */
| #define PACKAGE_NAME "SVGL libs & demos"
| #define PACKAGE_TARNAME "svgl"
| #define PACKAGE_VERSION "1.x"
| #define PACKAGE_STRING "SVGL libs & demos 1.x"
| #define PACKAGE_BUGREPORT "courtois@lri.fr"
| #define PACKAGE_URL ""
| #define PACKAGE "svgl"
| #define VERSION "0.1"
| /* end confdefs.h.  */
| #include <stdarg.h>
| #include <stdio.h>
| struct stat;
| /* Most of the following tests are stolen from RCS 5.7's src/conf.sh.  */
| struct buf { int x; };
| FILE * (*rcsopen) (struct buf *, struct stat *, int);
| static char *e (p, i)
|      char **p;
|      int i;
| {
|   return p[i];
| }
| static char *f (char * (*g) (char **, int), char **p, ...)
| {
|   char *s;
|   va_list v;
|   va_start (v,p);
|   s = g (p, va_arg (v,int));
|   va_end (v);
|   return s;
| }
| 
| /* OSF 4.0 Compaq cc is some sort of almost-ANSI by default.  It has
|    function prototypes and stuff, but not '\xHH' hex character constants.
|    These don't provoke an error unfortunately, instead are silently treated
|    as 'x'.  The following induces an error, until -std is added to get
|    proper ANSI mode.  Curiously '\x00'!='x' always comes out true, for an
|    array size at least.  It's necessary to write '\x00'==0 to get something
|    that's true only with -std.  */
| int osf4_cc_array ['\x00' == 0 ? 1 : -1];
| 
| /* IBM C 6 for AIX is almost-ANSI by default, but it replaces macro parameters
|    inside strings and character constants.  */
| #define FOO(x) 'x'
| int xlc6_cc_array[FOO(a) == 'x' ? 1 : -1];
| 
| int test (int i, double x);
| struct s1 {int (*f) (int a);};
| struct s2 {int (*f) (double a);};
| int pairnames (int, char **, FILE *(*)(struct buf *, struct stat *, int), int, int);
| int argc;
| char **argv;
| int
| main ()
| {
| return f (e, argv, 0) != argv[0]  ||  f (e, argv, 1) != argv[1];
|   ;
|   return 0;
| }
configure:4590: g++ -std -c -g -O2  conftest.c >&5
clang: error: unknown argument: '-std'
clang: warning: treating 'c' input as 'c++' when in C++ mode, this behavior is deprecated
configure:4590: $? = 1
configure: failed program was:
| /* confdefs.h */
| #define PACKAGE_NAME "SVGL libs & demos"
| #define PACKAGE_TARNAME "svgl"
| #define PACKAGE_VERSION "1.x"
| #define PACKAGE_STRING "SVGL libs & demos 1.x"
| #define PACKAGE_BUGREPORT "courtois@lri.fr"
| #define PACKAGE_URL ""
| #define PACKAGE "svgl"
| #define VERSION "0.1"
| /* end confdefs.h.  */
| #include <stdarg.h>
| #include <stdio.h>
| struct stat;
| /* Most of the following tests are stolen from RCS 5.7's src/conf.sh.  */
| struct buf { int x; };
| FILE * (*rcsopen) (struct buf *, struct stat *, int);
| static char *e (p, i)
|      char **p;
|      int i;
| {
|   return p[i];
| }
| static char *f (char * (*g) (char **, int), char **p, ...)
| {
|   char *s;
|   va_list v;
|   va_start (v,p);
|   s = g (p, va_arg (v,int));
|   va_end (v);
|   return s;
| }
| 
| /* OSF 4.0 Compaq cc is some sort of almost-ANSI by default.  It has
|    function prototypes and stuff, but not '\xHH' hex character constants.
|    These don't provoke an error unfortunately, instead are silently treated
|    as 'x'.  The following induces an error, until -std is added to get
|    proper ANSI mode.  Curiously '\x00'!='x' always comes out true, for an
|    array size at least.  It's necessary to write '\x00'==0 to get something
|    that's true only with -std.  */
| int osf4_cc_array ['\x00' == 0 ? 1 : -1];
| 
| /* IBM C 6 for AIX is almost-ANSI by default, but it replaces macro parameters
|    inside strings and character constants.  */
| #define FOO(x) 'x'
| int xlc6_cc_array[FOO(a) == 'x' ? 1 : -1];
| 
| int test (int i, double x);
| struct s1 {int (*f) (int a);};
| struct s2 {int (*f) (double a);};
| int pairnames (int, char **, FILE *(*)(struct buf *, struct stat *, int), int, int);
| int argc;
| char **argv;
| int
| main ()
| {
| return f (e, argv, 0) != argv[0]  ||  f (e, argv, 1) != argv[1];
|   ;
|   return 0;
| }
configure:4590: g++ -Ae -c -g -O2  conftest.c >&5
clang: warning: treating 'c' input as 'c++' when in C++ mode, this behavior is deprecated
clang: warning: argument unused during compilation: '-Ae'
conftest.c:17:17: error: C++ requires a type specifier for all declarations
static char *e (p, i)
                ^
conftest.c:17:20: error: unknown type name 'i'
static char *e (p, i)
                   ^
conftest.c:17:22: error: expected ';' after top level declarator
static char *e (p, i)
                     ^
                     ;
conftest.c:20:1: error: expected unqualified-id
{
^
4 errors generated.
configure:4590: $? = 1
configure: failed program was:
| /* confdefs.h */
| #define PACKAGE_NAME "SVGL libs & demos"
| #define PACKAGE_TARNAME "svgl"
| #define PACKAGE_VERSION "1.x"
| #define PACKAGE_STRING "SVGL libs & demos 1.x"
| #define PACKAGE_BUGREPORT "courtois@lri.fr"
| #define PACKAGE_URL ""
| #define PACKAGE "svgl"
| #define VERSION "0.1"
| /* end confdefs.h.  */
| #include <stdarg.h>
| #include <stdio.h>
| struct stat;
| /* Most of the following tests are stolen from RCS 5.7's src/conf.sh.  */
| struct buf { int x; };
| FILE * (*rcsopen) (struct buf *, struct stat *, int);
| static char *e (p, i)
|      char **p;
|      int i;
| {
|   return p[i];
| }
| static char *f (char * (*g) (char **, int), char **p, ...)
| {
|   char *s;
|   va_list v;
|   va_start (v,p);
|   s = g (p, va_arg (v,int));
|   va_end (v);
|   return s;
| }
| 
| /* OSF 4.0 Compaq cc is some sort of almost-ANSI by default.  It has
|    function prototypes and stuff, but not '\xHH' hex character constants.
|    These don't provoke an error unfortunately, instead are silently treated
|    as 'x'.  The following induces an error, until -std is added to get
|    proper ANSI mode.  Curiously '\x00'!='x' always comes out true, for an
|    array size at least.  It's necessary to write '\x00'==0 to get something
|    that's true only with -std.  */
| int osf4_cc_array ['\x00' == 0 ? 1 : -1];
| 
| /* IBM C 6 for AIX is almost-ANSI by default, but it replaces macro parameters
|    inside strings and character constants.  */
| #define FOO(x) 'x'
| int xlc6_cc_array[FOO(a) == 'x' ? 1 : -1];
| 
| int test (int i, double x);
| struct s1 {int (*f) (int a);};
| struct s2 {int (*f) (double a);};
| int pairnames (int, char **, FILE *(*)(struct buf *, struct stat *, int), int, int);
| int argc;
| char **argv;
| int
| main ()
| {
| return f (e, argv, 0) != argv[0]  ||  f (e, argv, 1) != argv[1];
|   ;
|   return 0;
| }
configure:4590: g++ -Aa -D_HPUX_SOURCE -c -g -O2  conftest.c >&5
clang: warning: treating 'c' input as 'c++' when in C++ mode, this behavior is deprecated
clang: warning: argument unused during compilation: '-Aa'
conftest.c:17:17: error: C++ requires a type specifier for all declarations
static char *e (p, i)
                ^
conftest.c:17:20: error: unknown type name 'i'
static char *e (p, i)
                   ^
conftest.c:17:22: error: expected ';' after top level declarator
static char *e (p, i)
                     ^
                     ;
conftest.c:20:1: error: expected unqualified-id
{
^
4 errors generated.
configure:4590: $? = 1
configure: failed program was:
| /* confdefs.h */
| #define PACKAGE_NAME "SVGL libs & demos"
| #define PACKAGE_TARNAME "svgl"
| #define PACKAGE_VERSION "1.x"
| #define PACKAGE_STRING "SVGL libs & demos 1.x"
| #define PACKAGE_BUGREPORT "courtois@lri.fr"
| #define PACKAGE_URL ""
| #define PACKAGE "svgl"
| #define VERSION "0.1"
| /* end confdefs.h.  */
| #include <stdarg.h>
| #include <stdio.h>
| struct stat;
| /* Most of the following tests are stolen from RCS 5.7's src/conf.sh.  */
| struct buf { int x; };
| FILE * (*rcsopen) (struct buf *, struct stat *, int);
| static char *e (p, i)
|      char **p;
|      int i;
| {
|   return p[i];
| }
| static char *f (char * (*g) (char **, int), char **p, ...)
| {
|   char *s;
|   va_list v;
|   va_start (v,p);
|   s = g (p, va_arg (v,int));
|   va_end (v);
|   return s;
| }
| 
| /* OSF 4.0 Compaq cc is some sort of almost-ANSI by default.  It has
|    function prototypes and stuff, but not '\xHH' hex character constants.
|    These don't provoke an error unfortunately, instead are silently treated
|    as 'x'.  The following induces an error, until -std is added to get
|    proper ANSI mode.  Curiously '\x00'!='x' always comes out true, for an
|    array size at least.  It's necessary to write '\x00'==0 to get something
|    that's true only with -std.  */
| int osf4_cc_array ['\x00' == 0 ? 1 : -1];
| 
| /* IBM C 6 for AIX is almost-ANSI by default, but it replaces macro parameters
|    inside strings and character constants.  */
| #define FOO(x) 'x'
| int xlc6_cc_array[FOO(a) == 'x' ? 1 : -1];
| 
| int test (int i, double x);
| struct s1 {int (*f) (int a);};
| struct s2 {int (*f) (double a);};
| int pairnames (int, char **, FILE *(*)(struct buf *, struct stat *, int), int, int);
| int argc;
| char **argv;
| int
| main ()
| {
| return f (e, argv, 0) != argv[0]  ||  f (e, argv, 1) != argv[1];
|   ;
|   return 0;
| }
configure:4590: g++ -Xc -D__EXTENSIONS__ -c -g -O2  conftest.c >&5
clang: warning: treating 'c' input as 'c++' when in C++ mode, this behavior is deprecated
clang: warning: argument unused during compilation: '-Xc'
conftest.c:17:17: error: C++ requires a type specifier for all declarations
static char *e (p, i)
                ^
conftest.c:17:20: error: unknown type name 'i'
static char *e (p, i)
                   ^
conftest.c:17:22: error: expected ';' after top level declarator
static char *e (p, i)
                     ^
                     ;
conftest.c:20:1: error: expected unqualified-id
{
^
4 errors generated.
configure:4590: $? = 1
configure: failed program was:
| /* confdefs.h */
| #define PACKAGE_NAME "SVGL libs & demos"
| #define PACKAGE_TARNAME "svgl"
| #define PACKAGE_VERSION "1.x"
| #define PACKAGE_STRING "SVGL libs & demos 1.x"
| #define PACKAGE_BUGREPORT "courtois@lri.fr"
| #define PACKAGE_URL ""
| #define PACKAGE "svgl"
| #define VERSION "0.1"
| /* end confdefs.h.  */
| #include <stdarg.h>
| #include <stdio.h>
| struct stat;
| /* Most of the following tests are stolen from RCS 5.7's src/conf.sh.  */
| struct buf { int x; };
| FILE * (*rcsopen) (struct buf *, struct stat *, int);
| static char *e (p, i)
|      char **p;
|      int i;
| {
|   return p[i];
| }
| static char *f (char * (*g) (char **, int), char **p, ...)
| {
|   char *s;
|   va_list v;
|   va_start (v,p);
|   s = g (p, va_arg (v,int));
|   va_end (v);
|   return s;
| }
| 
| /* OSF 4.0 Compaq cc is some sort of almost-ANSI by default.  It has
|    function prototypes and stuff, but not '\xHH' hex character constants.
|    These don't provoke an error unfortunately, instead are silently treated
|    as 'x'.  The following induces an error, until -std is added to get
|    proper ANSI mode.  Curiously '\x00'!='x' always comes out true, for an
|    array size at least.  It's necessary to write '\x00'==0 to get something
|    that's true only with -std.  */
| int osf4_cc_array ['\x00' == 0 ? 1 : -1];
| 
| /* IBM C 6 for AIX is almost-ANSI by default, but it replaces macro parameters
|    inside strings and character constants.  */
| #define FOO(x) 'x'
| int xlc6_cc_array[FOO(a) == 'x' ? 1 : -1];
| 
| int test (int i, double x);
| struct s1 {int (*f) (int a);};
| struct s2 {int (*f) (double a);};
| int pairnames (int, char **, FILE *(*)(struct buf *, struct stat *, int), int, int);
| int argc;
| char **argv;
| int
| main ()
| {
| return f (e, argv, 0) != argv[0]  ||  f (e, argv, 1) != argv[1];
|   ;
|   return 0;
| }
configure:4606: result: unsupported
configure:4628: checking whether g++ understands -c and -o together
configure:4650: g++ -c conftest.c -o conftest2.o
clang: warning: treating 'c' input as 'c++' when in C++ mode, this behavior is deprecated
configure:4653: $? = 0
configure:4650: g++ -c conftest.c -o conftest2.o
clang: warning: treating 'c' input as 'c++' when in C++ mode, this behavior is deprecated
configure:4653: $? = 0
configure:4665: result: yes
configure:4684: checking dependency style of g++
configure:4795: result: gcc3
configure:4810: checking for a sed that does not truncate output
configure:4874: result: /usr/bin/sed
configure:4892: checking for grep that handles long lines and -e
configure:4950: result: /usr/bin/grep
configure:4955: checking for egrep
configure:5017: result: /usr/bin/grep -E
configure:5022: checking for fgrep
configure:5084: result: /usr/bin/grep -F
configure:5119: checking for ld used by g++
configure:5186: result: /Applications/Xcode.app/Contents/Developer/Toolchains/XcodeDefault.xctoolchain/usr/bin/ld
configure:5193: checking if the linker (/Applications/Xcode.app/Contents/Developer/Toolchains/XcodeDefault.xctoolchain/usr/bin/ld) is GNU ld
configure:5208: result: no
configure:5220: checking for BSD- or MS-compatible name lister (nm)
configure:5274: result: /usr/bin/nm
configure:5404: checking the name lister (/usr/bin/nm) interface
configure:5411: g++ -c -g -O2  conftest.cpp >&5
configure:5414: /usr/bin/nm "conftest.o"
configure:5417: output
00000000000001f0 S _some_variable
configure:5424: result: BSD nm
configure:5427: checking whether ln -s works
configure:5431: result: yes
configure:5439: checking the maximum length of command line arguments
configure:5570: result: 196608
configure:5618: checking how to convert x86_64-apple-darwin15.2.0 file names to x86_64-apple-darwin15.2.0 format
configure:5658: result: func_convert_file_noop
configure:5665: checking how to convert x86_64-apple-darwin15.2.0 file names to toolchain format
configure:5685: result: func_convert_file_noop
configure:5692: checking for /Applications/Xcode.app/Contents/Developer/Toolchains/XcodeDefault.xctoolchain/usr/bin/ld option to reload object files
configure:5699: result: -r
configure:5773: checking for objdump
configure:5803: result: no
configure:5832: checking how to recognize dependent libraries
configure:6032: result: pass_all
configure:6117: checking for dlltool
configure:6147: result: no
configure:6177: checking how to associate runtime and link libraries
configure:6204: result: printf %s\n
configure:6265: checking for ar
configure:6281: found /usr/bin/ar
configure:6292: result: ar
configure:6329: checking for archiver @FILE support
configure:6346: g++ -c -g -O2  conftest.cpp >&5
configure:6346: $? = 0
configure:6349: ar cru libconftest.a @conftest.lst >&5
ar: @conftest.lst: No such file or directory
configure:6352: $? = 1
configure:6372: result: no
configure:6430: checking for strip
configure:6446: found /usr/bin/strip
configure:6457: result: strip
configure:6529: checking for ranlib
configure:6545: found /usr/bin/ranlib
configure:6556: result: ranlib
configure:6658: checking command to parse /usr/bin/nm output from g++ object
configure:6811: g++ -c -g -O2  conftest.cpp >&5
configure:6814: $? = 0
configure:6818: /usr/bin/nm conftest.o \| sed -n -e 's/^.*[ ]\([BCDEGRST][BCDEGRST]*\)[ ][ ]*\([_A-Za-z][_A-Za-z0-9]*\)$/\1 \2 \2/p' | sed '/ __gnu_lto/d' \> conftest.nm
configure:6821: $? = 0
cannot find nm_test_var in conftest.nm
configure:6811: g++ -c -g -O2  conftest.cpp >&5
configure:6814: $? = 0
configure:6818: /usr/bin/nm conftest.o \| sed -n -e 's/^.*[ ]\([BCDEGRST][BCDEGRST]*\)[ ][ ]*_\([_A-Za-z][_A-Za-z0-9]*\)$/\1 _\2 \2/p' | sed '/ __gnu_lto/d' \> conftest.nm
configure:6821: $? = 0
configure:6887: g++ -o conftest -g -O2   conftest.cpp conftstm.o >&5
configure:6890: $? = 0
configure:6928: result: ok
configure:6975: checking for sysroot
configure:7005: result: no
configure:7012: checking for a working dd
configure:7050: result: /bin/dd
configure:7054: checking how to truncate binary pipes
configure:7069: result: /bin/dd bs=4096 count=1
configure:7399: checking for mt
configure:7429: result: no
configure:7449: checking if : is a manifest tool
configure:7455: : '-?'
configure:7463: result: no
configure:7519: checking for dsymutil
configure:7535: found /usr/bin/dsymutil
configure:7546: result: dsymutil
configure:7611: checking for nmedit
configure:7627: found /usr/bin/nmedit
configure:7638: result: nmedit
configure:7703: checking for lipo
configure:7719: found /usr/bin/lipo
configure:7730: result: lipo
configure:7795: checking for otool
configure:7811: found /usr/bin/otool
configure:7822: result: otool
configure:7887: checking for otool64
configure:7917: result: no
configure:7962: checking for -single_module linker flag
g++ -g -O2  -o libconftest.dylib -dynamiclib -Wl,-single_module conftest.c
configure:7995: result: yes
configure:7998: checking for -exported_symbols_list linker flag
configure:8018: g++ -o conftest -g -O2   -Wl,-exported_symbols_list,conftest.sym conftest.cpp  >&5
configure:8018: $? = 0
configure:8028: result: yes
configure:8031: checking for -force_load linker flag
g++ -g -O2 -c -o conftest.o conftest.c
clang: warning: treating 'c' input as 'c++' when in C++ mode, this behavior is deprecated
ar cru libconftest.a conftest.o
ranlib libconftest.a
g++ -g -O2  -o conftest conftest.c -Wl,-force_load,./libconftest.a
configure:8063: result: yes
configure:8140: checking how to run the C preprocessor
configure:8171: g++ -E  conftest.c
clang: warning: treating 'c' input as 'c++' when in C++ mode, this behavior is deprecated
configure:8171: $? = 0
configure:8185: g++ -E  conftest.c
clang: warning: treating 'c' input as 'c++' when in C++ mode, this behavior is deprecated
conftest.c:11:10: fatal error: 'ac_nonexistent.h' file not found
#include <ac_nonexistent.h>
         ^
1 error generated.
configure:8185: $? = 1
configure: failed program was:
| /* confdefs.h */
| #define PACKAGE_NAME "SVGL libs & demos"
| #define PACKAGE_TARNAME "svgl"
| #define PACKAGE_VERSION "1.x"
| #define PACKAGE_STRING "SVGL libs & demos 1.x"
| #define PACKAGE_BUGREPORT "courtois@lri.fr"
| #define PACKAGE_URL ""
| #define PACKAGE "svgl"
| #define VERSION "0.1"
| /* end confdefs.h.  */
| #include <ac_nonexistent.h>
configure:8210: result: g++ -E
configure:8230: g++ -E  conftest.c
clang: warning: treating 'c' input as 'c++' when in C++ mode, this behavior is deprecated
configure:8230: $? = 0
configure:8244: g++ -E  conftest.c
clang: warning: treating 'c' input as 'c++' when in C++ mode, this behavior is deprecated
conftest.c:11:10: fatal error: 'ac_nonexistent.h' file not found
#include <ac_nonexistent.h>
         ^
1 error generated.
configure:8244: $? = 1
configure: failed program was:
| /* confdefs.h */
| #define PACKAGE_NAME "SVGL libs & demos"
| #define PACKAGE_TARNAME "svgl"
| #define PACKAGE_VERSION "1.x"
| #define PACKAGE_STRING "SVGL libs & demos 1.x"
| #define PACKAGE_BUGREPORT "courtois@lri.fr"
| #define PACKAGE_URL ""
| #define PACKAGE "svgl"
| #define VERSION "0.1"
| /* end confdefs.h.  */
| #include <ac_nonexistent.h>
configure:8273: checking for ANSI C header files
configure:8293: g++ -c -g -O2  conftest.c >&5
clang: warning: treating 'c' input as 'c++' when in C++ mode, this behavior is deprecated
configure:8293: $? = 0
clang: warning: treating 'c' input as 'c++' when in C++ mode, this behavior is deprecated
clang: warning: treating 'c' input as 'c++' when in C++ mode, this behavior is deprecated
configure:8366: g++ -o conftest -g -O2   conftest.c  >&5
clang: warning: treating 'c' input as 'c++' when in C++ mode, this behavior is deprecated
configure:8366: $? = 0
configure:8366: ./conftest
configure:8366: $? = 0
configure:8377: result: yes
configure:8390: checking for sys/types.h
configure:8390: g++ -c -g -O2  conftest.c >&5
clang: warning: treating 'c' input as 'c++' when in C++ mode, this behavior is deprecated
configure:8390: $? = 0
configure:8390: result: yes
configure:8390: checking for sys/stat.h
configure:8390: g++ -c -g -O2  conftest.c >&5
clang: warning: treating 'c' input as 'c++' when in C++ mode, this behavior is deprecated
configure:8390: $? = 0
configure:8390: result: yes
configure:8390: checking for stdlib.h
configure:8390: g++ -c -g -O2  conftest.c >&5
clang: warning: treating 'c' input as 'c++' when in C++ mode, this behavior is deprecated
configure:8390: $? = 0
configure:8390: result: yes
configure:8390: checking for string.h
configure:8390: g++ -c -g -O2  conftest.c >&5
clang: warning: treating 'c' input as 'c++' when in C++ mode, this behavior is deprecated
configure:8390: $? = 0
configure:8390: result: yes
configure:8390: checking for memory.h
configure:8390: g++ -c -g -O2  conftest.c >&5
clang: warning: treating 'c' input as 'c++' when in C++ mode, this behavior is deprecated
configure:8390: $? = 0
configure:8390: result: yes
configure:8390: checking for strings.h
configure:8390: g++ -c -g -O2  conftest.c >&5
clang: warning: treating 'c' input as 'c++' when in C++ mode, this behavior is deprecated
configure:8390: $? = 0
configure:8390: result: yes
configure:8390: checking for inttypes.h
configure:8390: g++ -c -g -O2  conftest.c >&5
clang: warning: treating 'c' input as 'c++' when in C++ mode, this behavior is deprecated
configure:8390: $? = 0
configure:8390: result: yes
configure:8390: checking for stdint.h
configure:8390: g++ -c -g -O2  conftest.c >&5
clang: warning: treating 'c' input as 'c++' when in C++ mode, this behavior is deprecated
configure:8390: $? = 0
configure:8390: result: yes
configure:8390: checking for unistd.h
configure:8390: g++ -c -g -O2  conftest.c >&5
clang: warning: treating 'c' input as 'c++' when in C++ mode, this behavior is deprecated
configure:8390: $? = 0
configure:8390: result: yes
configure:8404: checking for dlfcn.h
configure:8404: g++ -c -g -O2  conftest.c >&5
clang: warning: treating 'c' input as 'c++' when in C++ mode, this behavior is deprecated
configure:8404: $? = 0
configure:8404: result: yes
configure:8670: checking for objdir
configure:8685: result: .libs
configure:8945: checking if g++ supports -fno-rtti -fno-exceptions
configure:8963: g++ -c -g -O2  -fno-rtti -fno-exceptions conftest.c >&5
clang: warning: treating 'c' input as 'c++' when in C++ mode, this behavior is deprecated
configure:8967: $? = 0
configure:8980: result: yes
configure:9338: checking for g++ option to produce PIC
configure:9345: result: -fno-common -DPIC
configure:9353: checking if g++ PIC flag -fno-common -DPIC works
configure:9371: g++ -c -g -O2  -fno-common -DPIC -DPIC conftest.c >&5
clang: warning: treating 'c' input as 'c++' when in C++ mode, this behavior is deprecated
configure:9375: $? = 0
configure:9388: result: yes
configure:9417: checking if g++ static flag -static works
configure:9445: result: no
configure:9460: checking if g++ supports -c -o file.o
configure:9481: g++ -c -g -O2  -o out/conftest2.o conftest.c >&5
clang: warning: treating 'c' input as 'c++' when in C++ mode, this behavior is deprecated
configure:9485: $? = 0
configure:9507: result: yes
configure:9515: checking if g++ supports -c -o file.o
configure:9562: result: yes
configure:9595: checking whether the g++ linker (/Applications/Xcode.app/Contents/Developer/Toolchains/XcodeDefault.xctoolchain/usr/bin/ld) supports shared libraries
configure:10854: result: yes
configure:11094: checking dynamic linker characteristics
configure:11912: result: darwin15.2.0 dyld
configure:12034: checking how to hardcode library paths into programs
configure:12059: result: immediate
configure:12607: checking whether stripping libraries is possible
configure:12621: result: yes
configure:12647: checking if libtool supports shared libraries
configure:12649: result: yes
configure:12652: checking whether to build shared libraries
configure:12677: result: yes
configure:12680: checking whether to build static libraries
configure:12684: result: yes
configure:12707: checking how to run the C++ preprocessor
configure:12734: g++ -E  conftest.cpp
configure:12734: $? = 0
configure:12748: g++ -E  conftest.cpp
conftest.cpp:23:10: fatal error: 'ac_nonexistent.h' file not found
#include <ac_nonexistent.h>
         ^
1 error generated.
configure:12748: $? = 1
configure: failed program was:
| /* confdefs.h */
| #define PACKAGE_NAME "SVGL libs & demos"
| #define PACKAGE_TARNAME "svgl"
| #define PACKAGE_VERSION "1.x"
| #define PACKAGE_STRING "SVGL libs & demos 1.x"
| #define PACKAGE_BUGREPORT "courtois@lri.fr"
| #define PACKAGE_URL ""
| #define PACKAGE "svgl"
| #define VERSION "0.1"
| #define STDC_HEADERS 1
| #define HAVE_SYS_TYPES_H 1
| #define HAVE_SYS_STAT_H 1
| #define HAVE_STDLIB_H 1
| #define HAVE_STRING_H 1
| #define HAVE_MEMORY_H 1
| #define HAVE_STRINGS_H 1
| #define HAVE_INTTYPES_H 1
| #define HAVE_STDINT_H 1
| #define HAVE_UNISTD_H 1
| #define HAVE_DLFCN_H 1
| #define LT_OBJDIR ".libs/"
| /* end confdefs.h.  */
| #include <ac_nonexistent.h>
configure:12773: result: g++ -E
configure:12793: g++ -E  conftest.cpp
configure:12793: $? = 0
configure:12807: g++ -E  conftest.cpp
conftest.cpp:23:10: fatal error: 'ac_nonexistent.h' file not found
#include <ac_nonexistent.h>
         ^
1 error generated.
configure:12807: $? = 1
configure: failed program was:
| /* confdefs.h */
| #define PACKAGE_NAME "SVGL libs & demos"
| #define PACKAGE_TARNAME "svgl"
| #define PACKAGE_VERSION "1.x"
| #define PACKAGE_STRING "SVGL libs & demos 1.x"
| #define PACKAGE_BUGREPORT "courtois@lri.fr"
| #define PACKAGE_URL ""
| #define PACKAGE "svgl"
| #define VERSION "0.1"
| #define STDC_HEADERS 1
| #define HAVE_SYS_TYPES_H 1
| #define HAVE_SYS_STAT_H 1
| #define HAVE_STDLIB_H 1
| #define HAVE_STRING_H 1
| #define HAVE_MEMORY_H 1
| #define HAVE_STRINGS_H 1
| #define HAVE_INTTYPES_H 1
| #define HAVE_STDINT_H 1
| #define HAVE_UNISTD_H 1
| #define HAVE_DLFCN_H 1
| #define LT_OBJDIR ".libs/"
| /* end confdefs.h.  */
| #include <ac_nonexistent.h>
configure:12969: checking for ld used by g++
configure:13036: result: /Applications/Xcode.app/Contents/Developer/Toolchains/XcodeDefault.xctoolchain/usr/bin/ld
configure:13043: checking if the linker (/Applications/Xcode.app/Contents/Developer/Toolchains/XcodeDefault.xctoolchain/usr/bin/ld) is GNU ld
configure:13058: result: no
configure:13113: checking whether the g++ linker (/Applications/Xcode.app/Contents/Developer/Toolchains/XcodeDefault.xctoolchain/usr/bin/ld) supports shared libraries
configure:14186: result: yes
configure:14222: g++ -c -g -O2  conftest.cpp >&5
configure:14225: $? = 0
configure:14706: checking for g++ option to produce PIC
configure:14713: result: -fno-common -DPIC
configure:14721: checking if g++ PIC flag -fno-common -DPIC works
configure:14739: g++ -c -g -O2  -fno-common -DPIC -DPIC conftest.cpp >&5
configure:14743: $? = 0
configure:14756: result: yes
configure:14779: checking if g++ static flag -static works
configure:14807: result: no
configure:14819: checking if g++ supports -c -o file.o
configure:14840: g++ -c -g -O2  -o out/conftest2.o conftest.cpp >&5
configure:14844: $? = 0
configure:14866: result: yes
configure:14871: checking if g++ supports -c -o file.o
configure:14918: result: yes
configure:14948: checking whether the g++ linker (/Applications/Xcode.app/Contents/Developer/Toolchains/XcodeDefault.xctoolchain/usr/bin/ld) supports shared libraries
configure:14988: result: yes
configure:15129: checking dynamic linker characteristics
configure:15874: result: darwin15.2.0 dyld
configure:15939: checking how to hardcode library paths into programs
configure:15964: result: immediate
configure:16030: checking for find
configure:16046: found /usr/bin/find
configure:16057: result: find
configure:16072: checking for mkdir
configure:16088: found /bin/mkdir
configure:16099: result: mkdir
configure:16114: checking for touch
configure:16130: found /usr/bin/touch
configure:16141: result: touch
configure:16156: checking for python
configure:16172: found /usr/bin/python
configure:16183: result: python
configure:16212: checking for python
configure:16240: result: python
configure:16337: checking for X
configure:16445: g++ -E -I/System/Library/Frameworks/AGL.framework/Headers -I/sw/include  conftest.cpp
conftest.cpp:24:10: fatal error: 'X11/Xlib.h' file not found
#include <X11/Xlib.h>
         ^
1 error generated.
configure:16445: $? = 1
configure: failed program was:
| /* confdefs.h */
| #define PACKAGE_NAME "SVGL libs & demos"
| #define PACKAGE_TARNAME "svgl"
| #define PACKAGE_VERSION "1.x"
| #define PACKAGE_STRING "SVGL libs & demos 1.x"
| #define PACKAGE_BUGREPORT "courtois@lri.fr"
| #define PACKAGE_URL ""
| #define PACKAGE "svgl"
| #define VERSION "0.1"
| #define STDC_HEADERS 1
| #define HAVE_SYS_TYPES_H 1
| #define HAVE_SYS_STAT_H 1
| #define HAVE_STDLIB_H 1
| #define HAVE_STRING_H 1
| #define HAVE_MEMORY_H 1
| #define HAVE_STRINGS_H 1
| #define HAVE_INTTYPES_H 1
| #define HAVE_STDINT_H 1
| #define HAVE_UNISTD_H 1
| #define HAVE_DLFCN_H 1
| #define LT_OBJDIR ".libs/"
| #define OS_IS_MACOSX /**/
| /* end confdefs.h.  */
| #include <X11/Xlib.h>
configure:16476: g++ -o conftest -g -O2 -I/System/Library/Frameworks/AGL.framework/Headers -I/sw/include  -L/sw/lib  conftest.cpp -lX11  -framework OpenGL >&5
conftest.cpp:24:10: fatal error: 'X11/Xlib.h' file not found
#include <X11/Xlib.h>
         ^
1 error generated.
configure:16476: $? = 1
configure: failed program was:
| /* confdefs.h */
| #define PACKAGE_NAME "SVGL libs & demos"
| #define PACKAGE_TARNAME "svgl"
| #define PACKAGE_VERSION "1.x"
| #define PACKAGE_STRING "SVGL libs & demos 1.x"
| #define PACKAGE_BUGREPORT "courtois@lri.fr"
| #define PACKAGE_URL ""
| #define PACKAGE "svgl"
| #define VERSION "0.1"
| #define STDC_HEADERS 1
| #define HAVE_SYS_TYPES_H 1
| #define HAVE_SYS_STAT_H 1
| #define HAVE_STDLIB_H 1
| #define HAVE_STRING_H 1
| #define HAVE_MEMORY_H 1
| #define HAVE_STRINGS_H 1
| #define HAVE_INTTYPES_H 1
| #define HAVE_STDINT_H 1
| #define HAVE_UNISTD_H 1
| #define HAVE_DLFCN_H 1
| #define LT_OBJDIR ".libs/"
| #define OS_IS_MACOSX /**/
| /* end confdefs.h.  */
| #include <X11/Xlib.h>
| int
| main ()
| {
| XrmInitialize ()
|   ;
|   return 0;
| }
configure:16526: result: libraries /usr/X11/lib, headers /usr/X11/include
configure:16546: checking whether -R must be followed by a space
configure:16562: g++ -o conftest -g -O2 -I/System/Library/Frameworks/AGL.framework/Headers -I/sw/include  -L/sw/lib  conftest.cpp  -framework OpenGL -R/usr/X11/lib >&5
warning: unknown remark option '-R/usr/X11/lib' [-Wunknown-warning-option]
1 warning generated.
ld: warning: directory not found for option '-L/sw/lib'
configure:16562: $? = 0
configure: failed program was:
| /* confdefs.h */
| #define PACKAGE_NAME "SVGL libs & demos"
| #define PACKAGE_TARNAME "svgl"
| #define PACKAGE_VERSION "1.x"
| #define PACKAGE_STRING "SVGL libs & demos 1.x"
| #define PACKAGE_BUGREPORT "courtois@lri.fr"
| #define PACKAGE_URL ""
| #define PACKAGE "svgl"
| #define VERSION "0.1"
| #define STDC_HEADERS 1
| #define HAVE_SYS_TYPES_H 1
| #define HAVE_SYS_STAT_H 1
| #define HAVE_STDLIB_H 1
| #define HAVE_STRING_H 1
| #define HAVE_MEMORY_H 1
| #define HAVE_STRINGS_H 1
| #define HAVE_INTTYPES_H 1
| #define HAVE_STDINT_H 1
| #define HAVE_UNISTD_H 1
| #define HAVE_DLFCN_H 1
| #define LT_OBJDIR ".libs/"
| #define OS_IS_MACOSX /**/
| /* end confdefs.h.  */
| 
| int
| main ()
| {
| 
|   ;
|   return 0;
| }
configure:16579: g++ -o conftest -g -O2 -I/System/Library/Frameworks/AGL.framework/Headers -I/sw/include  -L/sw/lib  conftest.cpp  -framework OpenGL -R /usr/X11/lib >&5
warning: unknown remark option '-R' [-Wunknown-warning-option]
1 warning generated.
ld: warning: directory not found for option '-L/sw/lib'
ld: can't map file, errno=22 file '/usr/X11/lib' for architecture x86_64
clang: error: linker command failed with exit code 1 (use -v to see invocation)
configure:16579: $? = 1
configure: failed program was:
| /* confdefs.h */
| #define PACKAGE_NAME "SVGL libs & demos"
| #define PACKAGE_TARNAME "svgl"
| #define PACKAGE_VERSION "1.x"
| #define PACKAGE_STRING "SVGL libs & demos 1.x"
| #define PACKAGE_BUGREPORT "courtois@lri.fr"
| #define PACKAGE_URL ""
| #define PACKAGE "svgl"
| #define VERSION "0.1"
| #define STDC_HEADERS 1
| #define HAVE_SYS_TYPES_H 1
| #define HAVE_SYS_STAT_H 1
| #define HAVE_STDLIB_H 1
| #define HAVE_STRING_H 1
| #define HAVE_MEMORY_H 1
| #define HAVE_STRINGS_H 1
| #define HAVE_INTTYPES_H 1
| #define HAVE_STDINT_H 1
| #define HAVE_UNISTD_H 1
| #define HAVE_DLFCN_H 1
| #define LT_OBJDIR ".libs/"
| #define OS_IS_MACOSX /**/
| /* end confdefs.h.  */
| 
| int
| main ()
| {
| 
|   ;
|   return 0;
| }
configure:16584: result: neither works
configure:16625: g++ -o conftest -g -O2 -I/System/Library/Frameworks/AGL.framework/Headers -I/sw/include  -L/sw/lib  conftest.cpp  -framework OpenGL  -L/usr/X11/lib -lX11 >&5
ld: warning: directory not found for option '-L/sw/lib'
configure:16625: $? = 0
configure:16723: checking for gethostbyname
configure:16723: g++ -o conftest -g -O2 -I/System/Library/Frameworks/AGL.framework/Headers -I/sw/include  -L/sw/lib  conftest.cpp  -framework OpenGL >&5
ld: warning: directory not found for option '-L/sw/lib'
configure:16723: $? = 0
configure:16723: result: yes
configure:16820: checking for connect
configure:16820: g++ -o conftest -g -O2 -I/System/Library/Frameworks/AGL.framework/Headers -I/sw/include  -L/sw/lib  conftest.cpp  -framework OpenGL >&5
ld: warning: directory not found for option '-L/sw/lib'
configure:16820: $? = 0
configure:16820: result: yes
configure:16869: checking for remove
configure:16869: g++ -o conftest -g -O2 -I/System/Library/Frameworks/AGL.framework/Headers -I/sw/include  -L/sw/lib  conftest.cpp  -framework OpenGL >&5
ld: warning: directory not found for option '-L/sw/lib'
configure:16869: $? = 0
configure:16869: result: yes
configure:16918: checking for shmat
configure:16918: g++ -o conftest -g -O2 -I/System/Library/Frameworks/AGL.framework/Headers -I/sw/include  -L/sw/lib  conftest.cpp  -framework OpenGL >&5
ld: warning: directory not found for option '-L/sw/lib'
configure:16918: $? = 0
configure:16918: result: yes
configure:16976: checking for IceConnectionNumber in -lICE
configure:17001: g++ -o conftest -g -O2 -I/System/Library/Frameworks/AGL.framework/Headers -I/sw/include  -L/sw/lib  -L/usr/X11/lib conftest.cpp -lICE   -framework OpenGL >&5
ld: warning: directory not found for option '-L/sw/lib'
configure:17001: $? = 0
configure:17010: result: yes
configure:17024: checking for freetype-config
configure:17040: found /usr/local/bin/freetype-config
configure:17052: result: yes
configure:17068: checking expat.h usability
configure:17068: g++ -c -g -O2 -I/usr/local/Cellar/freetype/2.6_1/include/freetype2 -I/System/Library/Frameworks/AGL.framework/Headers -I/sw/include  conftest.cpp >&5
configure:17068: $? = 0
configure:17068: result: yes
configure:17068: checking expat.h presence
configure:17068: g++ -E -I/usr/local/Cellar/freetype/2.6_1/include/freetype2 -I/System/Library/Frameworks/AGL.framework/Headers -I/sw/include  conftest.cpp
configure:17068: $? = 0
configure:17068: result: yes
configure:17068: checking for expat.h
configure:17068: result: yes
configure:17080: checking for XML_Parse in -lexpat
configure:17105: g++ -o conftest -g -O2 -I/usr/local/Cellar/freetype/2.6_1/include/freetype2 -I/System/Library/Frameworks/AGL.framework/Headers -I/sw/include  -L/sw/lib  conftest.cpp -lexpat  -L/usr/local/Cellar/freetype/2.6_1/lib -lfreetype  -L/usr/X11/lib  -framework OpenGL >&5
ld: warning: directory not found for option '-L/sw/lib'
configure:17105: $? = 0
configure:17114: result: yes
configure:17131: checking png.h usability
configure:17131: g++ -c -g -O2 -I/usr/local/Cellar/freetype/2.6_1/include/freetype2 -I/System/Library/Frameworks/AGL.framework/Headers -I/sw/include  conftest.cpp >&5
configure:17131: $? = 0
configure:17131: result: yes
configure:17131: checking png.h presence
configure:17131: g++ -E -I/usr/local/Cellar/freetype/2.6_1/include/freetype2 -I/System/Library/Frameworks/AGL.framework/Headers -I/sw/include  conftest.cpp
configure:17131: $? = 0
configure:17131: result: yes
configure:17131: checking for png.h
configure:17131: result: yes
configure:17141: checking for png_sig_cmp in -lpng
configure:17166: g++ -o conftest -g -O2 -I/usr/local/Cellar/freetype/2.6_1/include/freetype2 -I/System/Library/Frameworks/AGL.framework/Headers -I/sw/include  -L/sw/lib  conftest.cpp -lpng  -lexpat -lexpat -L/usr/local/Cellar/freetype/2.6_1/lib -lfreetype  -L/usr/X11/lib  -framework OpenGL >&5
ld: warning: directory not found for option '-L/sw/lib'
configure:17166: $? = 0
configure:17175: result: yes
configure:17246: checking for pkg-config
configure:17264: found /usr/local/bin/pkg-config
configure:17276: result: /usr/local/bin/pkg-config
configure:17301: checking pkg-config is at least version 0.9.0
configure:17304: result: yes
configure:17314: checking for GLFT
configure:17321: $PKG_CONFIG --exists --print-errors "glft"
configure:17324: $? = 0
configure:17338: $PKG_CONFIG --exists --print-errors "glft"
configure:17341: $? = 0
configure:17399: result: yes
configure:17422: checking OpenGL/gl.h usability
configure:17422: g++ -c -g -O2 -I/usr/local/Cellar/freetype/2.6_1/include/freetype2 -I/System/Library/Frameworks/AGL.framework/Headers -I/sw/include  conftest.cpp >&5
configure:17422: $? = 0
configure:17422: result: yes
configure:17422: checking OpenGL/gl.h presence
configure:17422: g++ -E -I/usr/local/Cellar/freetype/2.6_1/include/freetype2 -I/System/Library/Frameworks/AGL.framework/Headers -I/sw/include  conftest.cpp
configure:17422: $? = 0
configure:17422: result: yes
configure:17422: checking for OpenGL/gl.h
configure:17422: result: yes
configure:17454: checking AGL/agl.h usability
configure:17454: g++ -c -g -O2 -I/usr/local/Cellar/freetype/2.6_1/include/freetype2 -I/System/Library/Frameworks/AGL.framework/Headers -I/sw/include  conftest.cpp >&5
conftest.cpp:29:9: warning: 'HAVE_OPENGL' macro redefined [-Wmacro-redefined]
#define HAVE_OPENGL 1
        ^
conftest.cpp:27:9: note: previous definition is here
#define HAVE_OPENGL /**/
        ^
1 warning generated.
configure:17454: $? = 0
configure:17454: result: yes
configure:17454: checking AGL/agl.h presence
configure:17454: g++ -E -I/usr/local/Cellar/freetype/2.6_1/include/freetype2 -I/System/Library/Frameworks/AGL.framework/Headers -I/sw/include  conftest.cpp
conftest.cpp:29:9: warning: 'HAVE_OPENGL' macro redefined [-Wmacro-redefined]
#define HAVE_OPENGL 1
        ^
conftest.cpp:27:9: note: previous definition is here
#define HAVE_OPENGL /**/
        ^
1 warning generated.
configure:17454: $? = 0
configure:17454: result: yes
configure:17454: checking for AGL/agl.h
configure:17454: result: yes
configure:17537: checking GL/glu.h usability
configure:17537: g++ -c -g -O2 -I/usr/local/Cellar/freetype/2.6_1/include/freetype2 -I/System/Library/Frameworks/AGL.framework/Headers -I/sw/include  conftest.cpp >&5
conftest.cpp:29:9: warning: 'HAVE_OPENGL' macro redefined [-Wmacro-redefined]
#define HAVE_OPENGL 1
        ^
conftest.cpp:27:9: note: previous definition is here
#define HAVE_OPENGL /**/
        ^
conftest.cpp:33:9: warning: 'HAVE_AGL' macro redefined [-Wmacro-redefined]
#define HAVE_AGL 1
        ^
conftest.cpp:31:9: note: previous definition is here
#define HAVE_AGL /**/
        ^
2 warnings generated.
configure:17537: $? = 0
configure:17537: result: yes
configure:17537: checking GL/glu.h presence
configure:17537: g++ -E -I/usr/local/Cellar/freetype/2.6_1/include/freetype2 -I/System/Library/Frameworks/AGL.framework/Headers -I/sw/include  conftest.cpp
conftest.cpp:29:9: warning: 'HAVE_OPENGL' macro redefined [-Wmacro-redefined]
#define HAVE_OPENGL 1
        ^
conftest.cpp:27:9: note: previous definition is here
#define HAVE_OPENGL /**/
        ^
conftest.cpp:33:9: warning: 'HAVE_AGL' macro redefined [-Wmacro-redefined]
#define HAVE_AGL 1
        ^
conftest.cpp:31:9: note: previous definition is here
#define HAVE_AGL /**/
        ^
2 warnings generated.
configure:17537: $? = 0
configure:17537: result: yes
configure:17537: checking for GL/glu.h
configure:17537: result: yes
configure:17686: result: glut is here glutSVGViewer and tutorials will be built
configure:17730: checking GL/osmesa.h usability
configure:17730: g++ -c -g -O2 -I/usr/local/Cellar/freetype/2.6_1/include/freetype2 -I/System/Library/Frameworks/AGL.framework/Headers -I/sw/include  conftest.cpp >&5
conftest.cpp:29:9: warning: 'HAVE_OPENGL' macro redefined [-Wmacro-redefined]
#define HAVE_OPENGL 1
        ^
conftest.cpp:27:9: note: previous definition is here
#define HAVE_OPENGL /**/
        ^
conftest.cpp:33:9: warning: 'HAVE_AGL' macro redefined [-Wmacro-redefined]
#define HAVE_AGL 1
        ^
conftest.cpp:31:9: note: previous definition is here
#define HAVE_AGL /**/
        ^
conftest.cpp:36:9: warning: 'HAVE_GLU' macro redefined [-Wmacro-redefined]
#define HAVE_GLU 1
        ^
conftest.cpp:34:9: note: previous definition is here
#define HAVE_GLU /**/
        ^
3 warnings generated.
configure:17730: $? = 0
configure:17730: result: yes
configure:17730: checking GL/osmesa.h presence
configure:17730: g++ -E -I/usr/local/Cellar/freetype/2.6_1/include/freetype2 -I/System/Library/Frameworks/AGL.framework/Headers -I/sw/include  conftest.cpp
conftest.cpp:29:9: warning: 'HAVE_OPENGL' macro redefined [-Wmacro-redefined]
#define HAVE_OPENGL 1
        ^
conftest.cpp:27:9: note: previous definition is here
#define HAVE_OPENGL /**/
        ^
conftest.cpp:33:9: warning: 'HAVE_AGL' macro redefined [-Wmacro-redefined]
#define HAVE_AGL 1
        ^
conftest.cpp:31:9: note: previous definition is here
#define HAVE_AGL /**/
        ^
conftest.cpp:36:9: warning: 'HAVE_GLU' macro redefined [-Wmacro-redefined]
#define HAVE_GLU 1
        ^
conftest.cpp:34:9: note: previous definition is here
#define HAVE_GLU /**/
        ^
3 warnings generated.
configure:17730: $? = 0
configure:17730: result: yes
configure:17730: checking for GL/osmesa.h
configure:17730: result: yes
configure:17740: checking for OSMesaCreateContext in -lOSMesa
configure:17765: g++ -o conftest -g -O2 -I/usr/local/Cellar/freetype/2.6_1/include/freetype2 -I/System/Library/Frameworks/AGL.framework/Headers -I/sw/include  -L/sw/lib  conftest.cpp -lOSMesa  -lpng -lpng -lexpat -lexpat -L/usr/local/Cellar/freetype/2.6_1/lib -lfreetype  -L/usr/X11/lib  -framework OpenGL >&5
conftest.cpp:29:9: warning: 'HAVE_OPENGL' macro redefined [-Wmacro-redefined]
#define HAVE_OPENGL 1
        ^
conftest.cpp:27:9: note: previous definition is here
#define HAVE_OPENGL /**/
        ^
conftest.cpp:33:9: warning: 'HAVE_AGL' macro redefined [-Wmacro-redefined]
#define HAVE_AGL 1
        ^
conftest.cpp:31:9: note: previous definition is here
#define HAVE_AGL /**/
        ^
conftest.cpp:36:9: warning: 'HAVE_GLU' macro redefined [-Wmacro-redefined]
#define HAVE_GLU 1
        ^
conftest.cpp:34:9: note: previous definition is here
#define HAVE_GLU /**/
        ^
3 warnings generated.
ld: warning: directory not found for option '-L/sw/lib'
configure:17765: $? = 0
configure:17774: result: yes
configure:17784: result: OSMesa is here svg2raster could have been built but is not maintained enough
configure:17800: checking gc.h usability
configure:17800: g++ -c -g -O2 -I/usr/local/Cellar/freetype/2.6_1/include/freetype2 -I/System/Library/Frameworks/AGL.framework/Headers -I/sw/include  conftest.cpp >&5
conftest.cpp:29:9: warning: 'HAVE_OPENGL' macro redefined [-Wmacro-redefined]
#define HAVE_OPENGL 1
        ^
conftest.cpp:27:9: note: previous definition is here
#define HAVE_OPENGL /**/
        ^
conftest.cpp:33:9: warning: 'HAVE_AGL' macro redefined [-Wmacro-redefined]
#define HAVE_AGL 1
        ^
conftest.cpp:31:9: note: previous definition is here
#define HAVE_AGL /**/
        ^
conftest.cpp:36:9: warning: 'HAVE_GLU' macro redefined [-Wmacro-redefined]
#define HAVE_GLU 1
        ^
conftest.cpp:34:9: note: previous definition is here
#define HAVE_GLU /**/
        ^
3 warnings generated.
configure:17800: $? = 0
configure:17800: result: yes
configure:17800: checking gc.h presence
configure:17800: g++ -E -I/usr/local/Cellar/freetype/2.6_1/include/freetype2 -I/System/Library/Frameworks/AGL.framework/Headers -I/sw/include  conftest.cpp
conftest.cpp:29:9: warning: 'HAVE_OPENGL' macro redefined [-Wmacro-redefined]
#define HAVE_OPENGL 1
        ^
conftest.cpp:27:9: note: previous definition is here
#define HAVE_OPENGL /**/
        ^
conftest.cpp:33:9: warning: 'HAVE_AGL' macro redefined [-Wmacro-redefined]
#define HAVE_AGL 1
        ^
conftest.cpp:31:9: note: previous definition is here
#define HAVE_AGL /**/
        ^
conftest.cpp:36:9: warning: 'HAVE_GLU' macro redefined [-Wmacro-redefined]
#define HAVE_GLU 1
        ^
conftest.cpp:34:9: note: previous definition is here
#define HAVE_GLU /**/
        ^
3 warnings generated.
configure:17800: $? = 0
configure:17800: result: yes
configure:17800: checking for gc.h
configure:17800: result: yes
configure:17812: checking for GC_dont_gc in -lgc
configure:17837: g++ -o conftest -g -O2 -I/usr/local/Cellar/freetype/2.6_1/include/freetype2 -I/System/Library/Frameworks/AGL.framework/Headers -I/sw/include  -L/sw/lib  conftest.cpp -lgc  -lpng -lpng -lexpat -lexpat -L/usr/local/Cellar/freetype/2.6_1/lib -lfreetype  -L/usr/X11/lib  -framework OpenGL >&5
conftest.cpp:29:9: warning: 'HAVE_OPENGL' macro redefined [-Wmacro-redefined]
#define HAVE_OPENGL 1
        ^
conftest.cpp:27:9: note: previous definition is here
#define HAVE_OPENGL /**/
        ^
conftest.cpp:33:9: warning: 'HAVE_AGL' macro redefined [-Wmacro-redefined]
#define HAVE_AGL 1
        ^
conftest.cpp:31:9: note: previous definition is here
#define HAVE_AGL /**/
        ^
conftest.cpp:36:9: warning: 'HAVE_GLU' macro redefined [-Wmacro-redefined]
#define HAVE_GLU 1
        ^
conftest.cpp:34:9: note: previous definition is here
#define HAVE_GLU /**/
        ^
3 warnings generated.
ld: warning: directory not found for option '-L/sw/lib'
configure:17837: $? = 0
configure:17846: result: yes
configure:18003: checking that generated files are newer than configure
configure:18009: result: done
configure:18036: creating ./config.status

## ---------------------- ##
## Running config.status. ##
## ---------------------- ##

This file was extended by SVGL libs & demos config.status 1.x, which was
generated by GNU Autoconf 2.69.  Invocation command line was

  CONFIG_FILES    = 
  CONFIG_HEADERS  = 
  CONFIG_LINKS    = 
  CONFIG_COMMANDS = 
  $ ./config.status 

on jdean-mbp.local

config.status:1224: creating Makefile
config.status:1224: creating scripts/Makefile
config.status:1224: creating src/Makefile
config.status:1224: creating src/agg/Makefile
config.status:1224: creating src/svgl/Makefile
config.status:1224: creating src/utils/Makefile
config.status:1224: creating src/w3c/Makefile
config.status:1224: creating src/w3c/css/Makefile
config.status:1224: creating src/w3c/dom/Makefile
config.status:1224: creating src/w3c/dom/impl/Makefile
config.status:1224: creating src/w3c/dom/ext/Makefile
config.status:1224: creating src/w3c/svg/Makefile
config.status:1224: creating src/w3c/events/Makefile
config.status:1224: creating src/w3c/smil/Makefile
config.status:1224: creating tests/Makefile
config.status:1224: creating apps/Makefile
config.status:1224: creating apps/glutSVGViewer/Makefile
config.status:1224: creating apps/svg2raster/Makefile
config.status:1224: creating demos/Makefile
config.status:1224: creating demos/tutorial/Makefile
config.status:1224: creating scripts/config.py
config.status:1224: creating svgl.pc
config.status:1224: creating svgl-uninstalled.pc
config.status:1224: creating src/svgl/config.hpp
config.status:1453: executing depfiles commands
config.status:1453: executing libtool commands

## ---------------- ##
## Cache variables. ##
## ---------------- ##

ac_cv_build=x86_64-apple-darwin15.2.0
ac_cv_c_compiler_gnu=yes
ac_cv_cxx_compiler_gnu=yes
ac_cv_env_CCC_set=
ac_cv_env_CCC_value=
ac_cv_env_CC_set=
ac_cv_env_CC_value=
ac_cv_env_CFLAGS_set=
ac_cv_env_CFLAGS_value=
ac_cv_env_CPPFLAGS_set=
ac_cv_env_CPPFLAGS_value=
ac_cv_env_CPP_set=
ac_cv_env_CPP_value=
ac_cv_env_CXXCPP_set=
ac_cv_env_CXXCPP_value=
ac_cv_env_CXXFLAGS_set=
ac_cv_env_CXXFLAGS_value=
ac_cv_env_CXX_set=
ac_cv_env_CXX_value=
ac_cv_env_GLFT_CFLAGS_set=
ac_cv_env_GLFT_CFLAGS_value=
ac_cv_env_GLFT_LIBS_set=
ac_cv_env_GLFT_LIBS_value=
ac_cv_env_LDFLAGS_set=
ac_cv_env_LDFLAGS_value=
ac_cv_env_LIBS_set=
ac_cv_env_LIBS_value=
ac_cv_env_LT_SYS_LIBRARY_PATH_set=
ac_cv_env_LT_SYS_LIBRARY_PATH_value=
ac_cv_env_PKG_CONFIG_LIBDIR_set=
ac_cv_env_PKG_CONFIG_LIBDIR_value=
ac_cv_env_PKG_CONFIG_PATH_set=
ac_cv_env_PKG_CONFIG_PATH_value=
ac_cv_env_PKG_CONFIG_set=
ac_cv_env_PKG_CONFIG_value=
ac_cv_env_XMKMF_set=
ac_cv_env_XMKMF_value=
ac_cv_env_build_alias_set=
ac_cv_env_build_alias_value=
ac_cv_env_host_alias_set=
ac_cv_env_host_alias_value=
ac_cv_env_target_alias_set=
ac_cv_env_target_alias_value=
ac_cv_func_connect=yes
ac_cv_func_gethostbyname=yes
ac_cv_func_remove=yes
ac_cv_func_shmat=yes
ac_cv_have_x='have_x=yes	ac_x_includes='\''/usr/X11/include'\''	ac_x_libraries='\''/usr/X11/lib'\'''
ac_cv_header_AGL_agl_h=yes
ac_cv_header_GL_glu_h=yes
ac_cv_header_GL_osmesa_h=yes
ac_cv_header_OpenGL_gl_h=yes
ac_cv_header_dlfcn_h=yes
ac_cv_header_expat_h=yes
ac_cv_header_gc_h=yes
ac_cv_header_inttypes_h=yes
ac_cv_header_memory_h=yes
ac_cv_header_png_h=yes
ac_cv_header_stdc=yes
ac_cv_header_stdint_h=yes
ac_cv_header_stdlib_h=yes
ac_cv_header_string_h=yes
ac_cv_header_strings_h=yes
ac_cv_header_sys_stat_h=yes
ac_cv_header_sys_types_h=yes
ac_cv_header_unistd_h=yes
ac_cv_host=x86_64-apple-darwin15.2.0
ac_cv_lib_ICE_IceConnectionNumber=yes
ac_cv_lib_OSMesa_OSMesaCreateContext=yes
ac_cv_lib_expat_XML_Parse=yes
ac_cv_lib_gc_GC_dont_gc=yes
ac_cv_lib_png_png_sig_cmp=yes
ac_cv_objext=o
ac_cv_path_BASH=/bin/sh
ac_cv_path_EGREP='/usr/bin/grep -E'
ac_cv_path_FGREP='/usr/bin/grep -F'
ac_cv_path_GREP=/usr/bin/grep
ac_cv_path_SED=/usr/bin/sed
ac_cv_path_ac_pt_PKG_CONFIG=/usr/local/bin/pkg-config
ac_cv_path_install='/usr/bin/install -c'
ac_cv_path_lt_DD=/bin/dd
ac_cv_prog_AWK=awk
ac_cv_prog_CPP='g++ -E'
ac_cv_prog_CXXCPP='g++ -E'
ac_cv_prog_FIND=find
ac_cv_prog_FREETYPE_CONFIG=yes
ac_cv_prog_MKDIR=mkdir
ac_cv_prog_PYTHON=python
ac_cv_prog_TOUCH=touch
ac_cv_prog_ac_ct_AR=ar
ac_cv_prog_ac_ct_CC=g++
ac_cv_prog_ac_ct_CXX=g++
ac_cv_prog_ac_ct_DSYMUTIL=dsymutil
ac_cv_prog_ac_ct_LIPO=lipo
ac_cv_prog_ac_ct_NMEDIT=nmedit
ac_cv_prog_ac_ct_OTOOL=otool
ac_cv_prog_ac_ct_RANLIB=ranlib
ac_cv_prog_ac_ct_STRIP=strip
ac_cv_prog_cc_c89=no
ac_cv_prog_cc_g=yes
ac_cv_prog_cxx_g=yes
ac_cv_prog_make_make_set=yes
ac_cv_target=x86_64-apple-darwin15.2.0
am_cv_CC_dependencies_compiler_type=gcc3
am_cv_CXX_dependencies_compiler_type=gcc3
am_cv_make_support_nested_variables=yes
am_cv_prog_cc_c_o=yes
lt_cv_apple_cc_single_mod=yes
lt_cv_ar_at_file=no
lt_cv_deplibs_check_method=pass_all
lt_cv_file_magic_cmd='$MAGIC_CMD'
lt_cv_file_magic_test_file=
lt_cv_ld_exported_symbols_list=yes
lt_cv_ld_force_load=yes
lt_cv_ld_reload_flag=-r
lt_cv_nm_interface='BSD nm'
lt_cv_objdir=.libs
lt_cv_path_LD=/Applications/Xcode.app/Contents/Developer/Toolchains/XcodeDefault.xctoolchain/usr/bin/ld
lt_cv_path_LDCXX=/Applications/Xcode.app/Contents/Developer/Toolchains/XcodeDefault.xctoolchain/usr/bin/ld
lt_cv_path_NM=/usr/bin/nm
lt_cv_path_mainfest_tool=no
lt_cv_prog_compiler_c_o=yes
lt_cv_prog_compiler_c_o_CXX=yes
lt_cv_prog_compiler_pic='-fno-common -DPIC'
lt_cv_prog_compiler_pic_CXX='-fno-common -DPIC'
lt_cv_prog_compiler_pic_works=yes
lt_cv_prog_compiler_pic_works_CXX=yes
lt_cv_prog_compiler_rtti_exceptions=yes
lt_cv_prog_compiler_static_works=no
lt_cv_prog_compiler_static_works_CXX=no
lt_cv_prog_gnu_ld=no
lt_cv_prog_gnu_ldcxx=no
lt_cv_sharedlib_from_linklib_cmd='printf %s\n'
lt_cv_sys_global_symbol_pipe='sed -n -e '\''s/^.*[	 ]\([BCDEGRST][BCDEGRST]*\)[	 ][	 ]*_\([_A-Za-z][_A-Za-z0-9]*\)$/\1 _\2 \2/p'\'' | sed '\''/ __gnu_lto/d'\'''
lt_cv_sys_global_symbol_to_c_name_address='sed -n -e '\''s/^: \(.*\) .*$/  {"\1", (void *) 0},/p'\'' -e '\''s/^[BCDEGRST][BCDEGRST]* .* \(.*\)$/  {"\1", (void *) \&\1},/p'\'''
lt_cv_sys_global_symbol_to_c_name_address_lib_prefix='sed -n -e '\''s/^: \(.*\) .*$/  {"\1", (void *) 0},/p'\'' -e '\''s/^[BCDEGRST][BCDEGRST]* .* \(lib.*\)$/  {"\1", (void *) \&\1},/p'\'' -e '\''s/^[BCDEGRST][BCDEGRST]* .* \(.*\)$/  {"lib\1", (void *) \&\1},/p'\'''
lt_cv_sys_global_symbol_to_cdecl='sed -n -e '\''s/^T .* \(.*\)$/extern int \1();/p'\'' -e '\''s/^[BCDEGRST][BCDEGRST]* .* \(.*\)$/extern char \1;/p'\'''
lt_cv_sys_global_symbol_to_import=
lt_cv_sys_max_cmd_len=196608
lt_cv_to_host_file_cmd=func_convert_file_noop
lt_cv_to_tool_file_cmd=func_convert_file_noop
lt_cv_truncate_bin='/bin/dd bs=4096 count=1'
pkg_cv_GLFT_CFLAGS='-DGLFT_USE_GLLIST=1 -I/usr/X11R6/include -I/sw/include -I/Users/jdean/Development/svgl/glft/local/include -I/System/Library/Frameworks/AGL.framework/Headers -I/usr/local/Cellar/freetype/2.6_1/include/freetype2 -I/Users/jdean/Development/svgl/glft'
pkg_cv_GLFT_LIBS='-L/usr/X11R6/lib -L/sw/lib -L/usr/local/Cellar/freetype/2.6_1/lib /Users/jdean/Development/svgl/glft/glft/libglft.la -lfreetype -framework OpenGL'

## ----------------- ##
## Output variables. ##
## ----------------- ##

ACLOCAL='${SHELL} /Users/jdean/Development/svgl/tools/missing aclocal-1.15'
AMDEPBACKSLASH='\'
AMDEP_FALSE='#'
AMDEP_TRUE=''
AMTAR='$${TAR-tar}'
AM_BACKSLASH='\'
AM_DEFAULT_V='$(AM_DEFAULT_VERBOSITY)'
AM_DEFAULT_VERBOSITY='1'
AM_V='$(V)'
AR='ar'
AUTOCONF='${SHELL} /Users/jdean/Development/svgl/tools/missing autoconf'
AUTOHEADER='${SHELL} /Users/jdean/Development/svgl/tools/missing autoheader'
AUTOMAKE='${SHELL} /Users/jdean/Development/svgl/tools/missing automake-1.15'
AWK='awk'
BASH='/bin/sh'
CC='g++'
CCDEPMODE='depmode=gcc3'
CFLAGS='-g -O2'
CPP='g++ -E'
CPPFLAGS='-I/usr/local/Cellar/freetype/2.6_1/include/freetype2 -I/System/Library/Frameworks/AGL.framework/Headers -I/sw/include  -DGLFT_USE_GLLIST=1 -I/usr/X11R6/include -I/sw/include -I/Users/jdean/Development/svgl/glft/local/include -I/System/Library/Frameworks/AGL.framework/Headers -I/usr/local/Cellar/freetype/2.6_1/include/freetype2 -I/Users/jdean/Development/svgl/glft'
CXX='g++'
CXXCPP='g++ -E'
CXXDEPMODE='depmode=gcc3'
CXXFLAGS='-g -O2'
CYGPATH_W='echo'
DEFS='-DHAVE_CONFIG_H'
DEPDIR='.deps'
DEPMODE='depmode=gcc'
DISABLE_SILENT=''
DLLTOOL='false'
DSYMUTIL='dsymutil'
DUMPBIN=''
ECHO_C='\c'
ECHO_N=''
ECHO_T=''
EGREP='/usr/bin/grep -E'
EXEEXT=''
FGREP='/usr/bin/grep -F'
FIND='find'
FREETYPE_CONFIG='yes'
GLFT_CFLAGS='-DGLFT_USE_GLLIST=1 -I/usr/X11R6/include -I/sw/include -I/Users/jdean/Development/svgl/glft/local/include -I/System/Library/Frameworks/AGL.framework/Headers -I/usr/local/Cellar/freetype/2.6_1/include/freetype2 -I/Users/jdean/Development/svgl/glft'
GLFT_LIBS='-L/usr/X11R6/lib -L/sw/lib -L/usr/local/Cellar/freetype/2.6_1/lib /Users/jdean/Development/svgl/glft/glft/libglft.la -lfreetype -framework OpenGL'
GREP='/usr/bin/grep'
HAVE_AGL='1'
HAVE_GLU='1'
HAVE_GLX='0'
HAVE_OPENGL='1'
INSTALL_DATA='${INSTALL} -m 644'
INSTALL_PROGRAM='${INSTALL}'
INSTALL_SCRIPT='${INSTALL}'
INSTALL_STRIP_PROGRAM='$(install_sh) -c -s'
LD='/Applications/Xcode.app/Contents/Developer/Toolchains/XcodeDefault.xctoolchain/usr/bin/ld'
LDFLAGS='-L/sw/lib '
LIBOBJS=''
LIBS='-lpng -lpng -lexpat -lexpat -L/usr/local/Cellar/freetype/2.6_1/lib -lfreetype  -L/usr/X11/lib  -framework OpenGL -lgc'
LIBTOOL='$(SHELL) $(top_builddir)/libtool'
LIPO='lipo'
LN_S='ln -s'
LTLIBOBJS=''
LT_SYS_LIBRARY_PATH=''
MAKEINFO='${SHELL} /Users/jdean/Development/svgl/tools/missing makeinfo'
MANIFEST_TOOL=':'
MKDIR='mkdir'
MKDIR_P='tools/install-sh -c -d'
NM='/usr/bin/nm'
NMEDIT='nmedit'
OBJDUMP='false'
OBJEXT='o'
OS='MACOSX'
OTOOL64=':'
OTOOL='otool'
PACKAGE='svgl'
PACKAGE_BUGREPORT='courtois@lri.fr'
PACKAGE_NAME='SVGL libs & demos'
PACKAGE_STRING='SVGL libs & demos 1.x'
PACKAGE_TARNAME='svgl'
PACKAGE_URL=''
PACKAGE_VERSION='1.x'
PATH_SEPARATOR=':'
PKG_CONFIG='/usr/local/bin/pkg-config'
PKG_CONFIG_LIBDIR=''
PKG_CONFIG_PATH='/Users/jdean/Development/svgl/glft/'
PYTHON='python'
RANLIB='ranlib'
SED='/usr/bin/sed'
SET_MAKE=''
SHELL='/bin/sh'
STRIP='strip'
SVGL_INCLUDEDIR='${includedir}/svgl'
SVGL_USE_GC='1'
TOUCH='touch'
VERSION='0.1'
XMKMF=''
X_CFLAGS=' -I/usr/X11/include'
X_EXTRA_LIBS=''
X_LIBS=' -L/usr/X11/lib'
X_PRE_LIBS=' -lSM -lICE'
ac_ct_AR='ar'
ac_ct_CC='g++'
ac_ct_CXX='g++'
ac_ct_DUMPBIN=''
am__EXEEXT_FALSE=''
am__EXEEXT_TRUE='#'
am__fastdepCC_FALSE='#'
am__fastdepCC_TRUE=''
am__fastdepCXX_FALSE='#'
am__fastdepCXX_TRUE=''
am__include='include'
am__isrc=''
am__leading_dot='.'
am__nodep='_no'
am__quote=''
am__tar='$${TAR-tar} chof - "$$tardir"'
am__untar='$${TAR-tar} xf -'
apps='apps/glutSVGViewer/glutSVGViewer '
bindir='${exec_prefix}/bin'
build='x86_64-apple-darwin15.2.0'
build_alias=''
build_cpu='x86_64'
build_os='darwin15.2.0'
build_vendor='apple'
datadir='${datarootdir}'
datarootdir='${prefix}/share'
demos='tutorial'
docdir='${datarootdir}/doc/${PACKAGE_TARNAME}'
dvidir='${docdir}'
exec_prefix='${prefix}'
glutSVGViewer_CPPFLAGS=''
glutSVGViewer_LIBS='-framework GLUT -framework Foundation'
host='x86_64-apple-darwin15.2.0'
host_alias=''
host_cpu='x86_64'
host_os='darwin15.2.0'
host_vendor='apple'
htmldir='${docdir}'
includedir='${prefix}/include'
infodir='${datarootdir}/info'
install_sh='${SHELL} /Users/jdean/Development/svgl/tools/install-sh'
libdir='${exec_prefix}/lib'
libexecdir='${exec_prefix}/libexec'
localedir='${datarootdir}/locale'
localstatedir='${prefix}/var'
mandir='${datarootdir}/man'
mkdir_p='$(MKDIR_P)'
oldincludedir='/usr/include'
pdfdir='${docdir}'
prefix='/usr/local'
program_transform_name='s,x,x,'
psdir='${docdir}'
sbindir='${exec_prefix}/sbin'
sharedstatedir='${prefix}/com'
svgl_builddir='/Users/jdean/Development/svgl'
svgl_srcdir='/Users/jdean/Development/svgl'
sysconfdir='${prefix}/etc'
target='x86_64-apple-darwin15.2.0'
target_alias=''
target_cpu='x86_64'
target_os='darwin15.2.0'
target_vendor='apple'
tests_CPPFLAGS=''
tests_LIBS='-framework GLUT -framework Foundation'
tutorial_CPPFLAGS=''
tutorial_LIBS='-framework GLUT -framework Foundation'

## ----------- ##
## confdefs.h. ##
## ----------- ##

/* confdefs.h */
#define PACKAGE_NAME "SVGL libs & demos"
#define PACKAGE_TARNAME "svgl"
#define PACKAGE_VERSION "1.x"
#define PACKAGE_STRING "SVGL libs & demos 1.x"
#define PACKAGE_BUGREPORT "courtois@lri.fr"
#define PACKAGE_URL ""
#define PACKAGE "svgl"
#define VERSION "0.1"
#define STDC_HEADERS 1
#define HAVE_SYS_TYPES_H 1
#define HAVE_SYS_STAT_H 1
#define HAVE_STDLIB_H 1
#define HAVE_STRING_H 1
#define HAVE_MEMORY_H 1
#define HAVE_STRINGS_H 1
#define HAVE_INTTYPES_H 1
#define HAVE_STDINT_H 1
#define HAVE_UNISTD_H 1
#define HAVE_DLFCN_H 1
#define LT_OBJDIR ".libs/"
#define OS_IS_MACOSX /**/
#define HAVE_EXPAT_H 1
#define HAVE_LIBEXPAT 1
#define HAVE_PNG_H 1
#define HAVE_LIBPNG 1
#define HAVE_OPENGL /**/
#define HAVE_OPENGL_GL_H 1
#define HAVE_OPENGL 1
#define HAVE_GLX /**/
#define HAVE_AGL /**/
#define HAVE_AGL_AGL_H 1
#define HAVE_AGL 1
#define HAVE_GLU /**/
#define HAVE_GL_GLU_H 1
#define HAVE_GLU 1
#define HAVE_GL_OSMESA_H 1
#define HAVE_GC_H 1

configure: exit 0

## ---------------------- ##
## Running config.status. ##
## ---------------------- ##

This file was extended by SVGL libs & demos config.status 1.x, which was
generated by GNU Autoconf 2.69.  Invocation command line was

  CONFIG_FILES    = 
  CONFIG_HEADERS  = 
  CONFIG_LINKS    = 
  CONFIG_COMMANDS = 
  $ ./config.status src/svgl/config.hpp

on jdean-mbp.local

config.status:1224: creating src/svgl/config.hpp
config.status:1405: src/svgl/config.hpp is unchanged
