This file contains any messages produced by compilers while
running configure, to aid debugging if configure makes a mistake.

It was created by glft configure 0.1, which was
generated by GNU Autoconf 2.69.  Invocation command line was

  $ ./configure 

## --------- ##
## Platform. ##
## --------- ##

hostname = jdean-mbp.local
uname -m = x86_64
uname -r = 15.2.0
uname -s = Darwin
uname -v = Darwin Kernel Version 15.2.0: Fri Nov 13 19:56:56 PST 2015; root:xnu-3248.20.55~2/RELEASE_X86_64

/usr/bin/uname -p = i386
/bin/uname -X     = unknown

/bin/arch              = unknown
/usr/bin/arch -k       = unknown
/usr/convex/getsysinfo = unknown
/usr/bin/hostinfo      = Mach kernel version:
	 Darwin Kernel Version 15.2.0: Fri Nov 13 19:56:56 PST 2015; root:xnu-3248.20.55~2/RELEASE_X86_64
Kernel configured for up to 4 processors.
2 processors are physically available.
4 processors are logically available.
Processor type: x86_64h (Intel x86-64h Haswell)
Processors active: 0 1 2 3
Primary memory available: 16.00 gigabytes
Default processor set: 334 tasks, 1798 threads, 4 processors
Load average: 3.05, Mach factor: 1.36
/bin/machine           = unknown
/usr/bin/oslevel       = unknown
/bin/universe          = unknown

PATH: /usr/local/bin
PATH: /usr/bin
PATH: /bin
PATH: /usr/sbin
PATH: /sbin
PATH: /opt/X11/bin


## ----------- ##
## Core tests. ##
## ----------- ##

configure:2403: checking for a BSD-compatible install
configure:2471: result: /usr/bin/install -c
configure:2482: checking whether build environment is sane
configure:2537: result: yes
configure:2575: WARNING: 'missing' script is too old or missing
configure:2688: checking for a thread-safe mkdir -p
configure:2727: result: build/automake/utils/install-sh -c -d
configure:2734: checking for gawk
configure:2764: result: no
configure:2734: checking for mawk
configure:2764: result: no
configure:2734: checking for nawk
configure:2764: result: no
configure:2734: checking for awk
configure:2750: found /usr/bin/awk
configure:2761: result: awk
configure:2772: checking whether make sets $(MAKE)
configure:2794: result: yes
configure:2823: checking whether make supports nested variables
configure:2840: result: yes
configure:2975: checking build system type
configure:2989: result: i686-apple-darwin15.2.0
configure:3009: checking host system type
configure:3022: result: i686-apple-darwin15.2.0
configure:3120: checking how to print strings
configure:3147: result: printf
configure:3180: checking for style of include used by make
configure:3208: result: GNU
configure:3279: checking for gcc
configure:3295: found /usr/bin/gcc
configure:3306: result: gcc
configure:3535: checking for C compiler version
configure:3544: gcc --version >&5
Apple LLVM version 7.0.2 (clang-700.1.81)
Target: x86_64-apple-darwin15.2.0
Thread model: posix
Configured with: --prefix=/Applications/Xcode.app/Contents/Developer/usr --with-gxx-include-dir=/usr/include/c++/4.2.1
configure:3555: $? = 0
configure:3544: gcc -v >&5
Configured with: --prefix=/Applications/Xcode.app/Contents/Developer/usr --with-gxx-include-dir=/usr/include/c++/4.2.1
Apple LLVM version 7.0.2 (clang-700.1.81)
Target: x86_64-apple-darwin15.2.0
Thread model: posix
configure:3555: $? = 0
configure:3544: gcc -V >&5
clang: error: argument to '-V' is missing (expected 1 value)
clang: error: no input files
configure:3555: $? = 1
configure:3544: gcc -qversion >&5
clang: error: unknown argument: '-qversion'
clang: error: no input files
configure:3555: $? = 1
configure:3575: checking whether the C compiler works
configure:3597: gcc    conftest.c  >&5
configure:3601: $? = 0
configure:3649: result: yes
configure:3652: checking for C compiler default output file name
configure:3654: result: a.out
configure:3660: checking for suffix of executables
configure:3667: gcc -o conftest    conftest.c  >&5
configure:3671: $? = 0
configure:3693: result: 
configure:3715: checking whether we are cross compiling
configure:3723: gcc -o conftest    conftest.c  >&5
configure:3727: $? = 0
configure:3734: ./conftest
configure:3738: $? = 0
configure:3753: result: no
configure:3758: checking for suffix of object files
configure:3780: gcc -c   conftest.c >&5
configure:3784: $? = 0
configure:3805: result: o
configure:3809: checking whether we are using the GNU C compiler
configure:3828: gcc -c   conftest.c >&5
configure:3828: $? = 0
configure:3837: result: yes
configure:3846: checking whether gcc accepts -g
configure:3866: gcc -c -g  conftest.c >&5
configure:3866: $? = 0
configure:3907: result: yes
configure:3924: checking for gcc option to accept ISO C89
configure:3987: gcc  -c -g -O2  conftest.c >&5
configure:3987: $? = 0
configure:4000: result: none needed
configure:4025: checking whether gcc understands -c and -o together
configure:4047: gcc -c conftest.c -o conftest2.o
configure:4050: $? = 0
configure:4047: gcc -c conftest.c -o conftest2.o
configure:4050: $? = 0
configure:4062: result: yes
configure:4081: checking dependency style of gcc
configure:4192: result: gcc3
configure:4207: checking for a sed that does not truncate output
configure:4271: result: /usr/bin/sed
configure:4289: checking for grep that handles long lines and -e
configure:4347: result: /usr/bin/grep
configure:4352: checking for egrep
configure:4414: result: /usr/bin/grep -E
configure:4419: checking for fgrep
configure:4481: result: /usr/bin/grep -F
configure:4516: checking for ld used by gcc
configure:4583: result: /Applications/Xcode.app/Contents/Developer/Toolchains/XcodeDefault.xctoolchain/usr/bin/ld
configure:4590: checking if the linker (/Applications/Xcode.app/Contents/Developer/Toolchains/XcodeDefault.xctoolchain/usr/bin/ld) is GNU ld
configure:4605: result: no
configure:4617: checking for BSD- or MS-compatible name lister (nm)
configure:4671: result: /usr/bin/nm
configure:4801: checking the name lister (/usr/bin/nm) interface
configure:4808: gcc -c -g -O2  conftest.c >&5
configure:4811: /usr/bin/nm "conftest.o"
configure:4814: output
00000000000001f0 S _some_variable
configure:4821: result: BSD nm
configure:4824: checking whether ln -s works
configure:4828: result: yes
configure:4836: checking the maximum length of command line arguments
configure:4967: result: 196608
configure:5015: checking how to convert i686-apple-darwin15.2.0 file names to i686-apple-darwin15.2.0 format
configure:5055: result: func_convert_file_noop
configure:5062: checking how to convert i686-apple-darwin15.2.0 file names to toolchain format
configure:5082: result: func_convert_file_noop
configure:5089: checking for /Applications/Xcode.app/Contents/Developer/Toolchains/XcodeDefault.xctoolchain/usr/bin/ld option to reload object files
configure:5096: result: -r
configure:5170: checking for objdump
configure:5200: result: no
configure:5229: checking how to recognize dependent libraries
configure:5429: result: pass_all
configure:5514: checking for dlltool
configure:5544: result: no
configure:5574: checking how to associate runtime and link libraries
configure:5601: result: printf %s\n
configure:5662: checking for ar
configure:5678: found /usr/bin/ar
configure:5689: result: ar
configure:5726: checking for archiver @FILE support
configure:5743: gcc -c -g -O2  conftest.c >&5
configure:5743: $? = 0
configure:5746: ar cru libconftest.a @conftest.lst >&5
ar: @conftest.lst: No such file or directory
configure:5749: $? = 1
configure:5769: result: no
configure:5827: checking for strip
configure:5843: found /usr/bin/strip
configure:5854: result: strip
configure:5926: checking for ranlib
configure:5942: found /usr/bin/ranlib
configure:5953: result: ranlib
configure:6055: checking command to parse /usr/bin/nm output from gcc object
configure:6208: gcc -c -g -O2  conftest.c >&5
configure:6211: $? = 0
configure:6215: /usr/bin/nm conftest.o \| sed -n -e 's/^.*[ ]\([BCDEGRST][BCDEGRST]*\)[ ][ ]*\([_A-Za-z][_A-Za-z0-9]*\)$/\1 \2 \2/p' | sed '/ __gnu_lto/d' \> conftest.nm
configure:6218: $? = 0
cannot find nm_test_var in conftest.nm
configure:6208: gcc -c -g -O2  conftest.c >&5
configure:6211: $? = 0
configure:6215: /usr/bin/nm conftest.o \| sed -n -e 's/^.*[ ]\([BCDEGRST][BCDEGRST]*\)[ ][ ]*_\([_A-Za-z][_A-Za-z0-9]*\)$/\1 _\2 \2/p' | sed '/ __gnu_lto/d' \> conftest.nm
configure:6218: $? = 0
configure:6284: gcc -o conftest -g -O2   conftest.c conftstm.o >&5
warning: (x86_64)  could not find object file symbol for symbol _main
configure:6287: $? = 0
configure:6325: result: ok
configure:6372: checking for sysroot
configure:6402: result: no
configure:6409: checking for a working dd
configure:6447: result: /bin/dd
configure:6451: checking how to truncate binary pipes
configure:6466: result: /bin/dd bs=4096 count=1
configure:6795: checking for mt
configure:6825: result: no
configure:6845: checking if : is a manifest tool
configure:6851: : '-?'
configure:6859: result: no
configure:6915: checking for dsymutil
configure:6931: found /usr/bin/dsymutil
configure:6942: result: dsymutil
configure:7007: checking for nmedit
configure:7023: found /usr/bin/nmedit
configure:7034: result: nmedit
configure:7099: checking for lipo
configure:7115: found /usr/bin/lipo
configure:7126: result: lipo
configure:7191: checking for otool
configure:7207: found /usr/bin/otool
configure:7218: result: otool
configure:7283: checking for otool64
configure:7313: result: no
configure:7358: checking for -single_module linker flag
gcc -g -O2  -o libconftest.dylib -dynamiclib -Wl,-single_module conftest.c
configure:7391: result: yes
configure:7394: checking for -exported_symbols_list linker flag
configure:7414: gcc -o conftest -g -O2   -Wl,-exported_symbols_list,conftest.sym conftest.c  >&5
configure:7414: $? = 0
configure:7424: result: yes
configure:7427: checking for -force_load linker flag
gcc -g -O2 -c -o conftest.o conftest.c
ar cru libconftest.a conftest.o
ranlib libconftest.a
gcc -g -O2  -o conftest conftest.c -Wl,-force_load,./libconftest.a
configure:7459: result: yes
configure:7536: checking how to run the C preprocessor
configure:7567: gcc -E  conftest.c
configure:7567: $? = 0
configure:7581: gcc -E  conftest.c
conftest.c:11:10: fatal error: 'ac_nonexistent.h' file not found
#include <ac_nonexistent.h>
         ^
1 error generated.
configure:7581: $? = 1
configure: failed program was:
| /* confdefs.h */
| #define PACKAGE_NAME "glft"
| #define PACKAGE_TARNAME "glft"
| #define PACKAGE_VERSION "0.1"
| #define PACKAGE_STRING "glft 0.1"
| #define PACKAGE_BUGREPORT "conversy@enac.fr"
| #define PACKAGE_URL ""
| #define PACKAGE "glft"
| #define VERSION "0.1"
| /* end confdefs.h.  */
| #include <ac_nonexistent.h>
configure:7606: result: gcc -E
configure:7626: gcc -E  conftest.c
configure:7626: $? = 0
configure:7640: gcc -E  conftest.c
conftest.c:11:10: fatal error: 'ac_nonexistent.h' file not found
#include <ac_nonexistent.h>
         ^
1 error generated.
configure:7640: $? = 1
configure: failed program was:
| /* confdefs.h */
| #define PACKAGE_NAME "glft"
| #define PACKAGE_TARNAME "glft"
| #define PACKAGE_VERSION "0.1"
| #define PACKAGE_STRING "glft 0.1"
| #define PACKAGE_BUGREPORT "conversy@enac.fr"
| #define PACKAGE_URL ""
| #define PACKAGE "glft"
| #define VERSION "0.1"
| /* end confdefs.h.  */
| #include <ac_nonexistent.h>
configure:7669: checking for ANSI C header files
configure:7689: gcc -c -g -O2  conftest.c >&5
configure:7689: $? = 0
configure:7762: gcc -o conftest -g -O2   conftest.c  >&5
configure:7762: $? = 0
configure:7762: ./conftest
configure:7762: $? = 0
configure:7773: result: yes
configure:7786: checking for sys/types.h
configure:7786: gcc -c -g -O2  conftest.c >&5
configure:7786: $? = 0
configure:7786: result: yes
configure:7786: checking for sys/stat.h
configure:7786: gcc -c -g -O2  conftest.c >&5
configure:7786: $? = 0
configure:7786: result: yes
configure:7786: checking for stdlib.h
configure:7786: gcc -c -g -O2  conftest.c >&5
configure:7786: $? = 0
configure:7786: result: yes
configure:7786: checking for string.h
configure:7786: gcc -c -g -O2  conftest.c >&5
configure:7786: $? = 0
configure:7786: result: yes
configure:7786: checking for memory.h
configure:7786: gcc -c -g -O2  conftest.c >&5
configure:7786: $? = 0
configure:7786: result: yes
configure:7786: checking for strings.h
configure:7786: gcc -c -g -O2  conftest.c >&5
configure:7786: $? = 0
configure:7786: result: yes
configure:7786: checking for inttypes.h
configure:7786: gcc -c -g -O2  conftest.c >&5
configure:7786: $? = 0
configure:7786: result: yes
configure:7786: checking for stdint.h
configure:7786: gcc -c -g -O2  conftest.c >&5
configure:7786: $? = 0
configure:7786: result: yes
configure:7786: checking for unistd.h
configure:7786: gcc -c -g -O2  conftest.c >&5
configure:7786: $? = 0
configure:7786: result: yes
configure:7800: checking for dlfcn.h
configure:7800: gcc -c -g -O2  conftest.c >&5
configure:7800: $? = 0
configure:7800: result: yes
configure:8026: checking for objdir
configure:8041: result: .libs
configure:8301: checking if gcc supports -fno-rtti -fno-exceptions
configure:8319: gcc -c -g -O2  -fno-rtti -fno-exceptions conftest.c >&5
configure:8323: $? = 0
configure:8336: result: yes
configure:8694: checking for gcc option to produce PIC
configure:8701: result: -fno-common -DPIC
configure:8709: checking if gcc PIC flag -fno-common -DPIC works
configure:8727: gcc -c -g -O2  -fno-common -DPIC -DPIC conftest.c >&5
configure:8731: $? = 0
configure:8744: result: yes
configure:8773: checking if gcc static flag -static works
configure:8801: result: no
configure:8816: checking if gcc supports -c -o file.o
configure:8837: gcc -c -g -O2  -o out/conftest2.o conftest.c >&5
configure:8841: $? = 0
configure:8863: result: yes
configure:8871: checking if gcc supports -c -o file.o
configure:8918: result: yes
configure:8951: checking whether the gcc linker (/Applications/Xcode.app/Contents/Developer/Toolchains/XcodeDefault.xctoolchain/usr/bin/ld) supports shared libraries
configure:10210: result: yes
configure:10450: checking dynamic linker characteristics
configure:11268: result: darwin15.2.0 dyld
configure:11390: checking how to hardcode library paths into programs
configure:11415: result: immediate
configure:11963: checking whether stripping libraries is possible
configure:11977: result: yes
configure:12003: checking if libtool supports shared libraries
configure:12005: result: yes
configure:12008: checking whether to build shared libraries
configure:12033: result: yes
configure:12036: checking whether to build static libraries
configure:12040: result: no
configure:12142: checking for g++
configure:12158: found /usr/bin/g++
configure:12169: result: g++
configure:12196: checking for C++ compiler version
configure:12205: g++ --version >&5
Apple LLVM version 7.0.2 (clang-700.1.81)
Target: x86_64-apple-darwin15.2.0
Thread model: posix
Configured with: --prefix=/Applications/Xcode.app/Contents/Developer/usr --with-gxx-include-dir=/usr/include/c++/4.2.1
configure:12216: $? = 0
configure:12205: g++ -v >&5
Configured with: --prefix=/Applications/Xcode.app/Contents/Developer/usr --with-gxx-include-dir=/usr/include/c++/4.2.1
Apple LLVM version 7.0.2 (clang-700.1.81)
Target: x86_64-apple-darwin15.2.0
Thread model: posix
configure:12216: $? = 0
configure:12205: g++ -V >&5
clang: error: argument to '-V' is missing (expected 1 value)
clang: error: no input files
configure:12216: $? = 1
configure:12205: g++ -qversion >&5
clang: error: unknown argument: '-qversion'
clang: error: no input files
configure:12216: $? = 1
configure:12220: checking whether we are using the GNU C++ compiler
configure:12239: g++ -c   conftest.cpp >&5
configure:12239: $? = 0
configure:12248: result: yes
configure:12257: checking whether g++ accepts -g
configure:12277: g++ -c -g  conftest.cpp >&5
configure:12277: $? = 0
configure:12318: result: yes
configure:12343: checking dependency style of g++
configure:12454: result: gcc3
configure:12487: checking how to run the C++ preprocessor
configure:12514: g++ -E  conftest.cpp
configure:12514: $? = 0
configure:12528: g++ -E  conftest.cpp
conftest.cpp:23:10: fatal error: 'ac_nonexistent.h' file not found
#include <ac_nonexistent.h>
         ^
1 error generated.
configure:12528: $? = 1
configure: failed program was:
| /* confdefs.h */
| #define PACKAGE_NAME "glft"
| #define PACKAGE_TARNAME "glft"
| #define PACKAGE_VERSION "0.1"
| #define PACKAGE_STRING "glft 0.1"
| #define PACKAGE_BUGREPORT "conversy@enac.fr"
| #define PACKAGE_URL ""
| #define PACKAGE "glft"
| #define VERSION "0.1"
| #define STDC_HEADERS 1
| #define HAVE_SYS_TYPES_H 1
| #define HAVE_SYS_STAT_H 1
| #define HAVE_STDLIB_H 1
| #define HAVE_STRING_H 1
| #define HAVE_MEMORY_H 1
| #define HAVE_STRINGS_H 1
| #define HAVE_INTTYPES_H 1
| #define HAVE_STDINT_H 1
| #define HAVE_UNISTD_H 1
| #define HAVE_DLFCN_H 1
| #define LT_OBJDIR ".libs/"
| /* end confdefs.h.  */
| #include <ac_nonexistent.h>
configure:12553: result: g++ -E
configure:12573: g++ -E  conftest.cpp
configure:12573: $? = 0
configure:12587: g++ -E  conftest.cpp
conftest.cpp:23:10: fatal error: 'ac_nonexistent.h' file not found
#include <ac_nonexistent.h>
         ^
1 error generated.
configure:12587: $? = 1
configure: failed program was:
| /* confdefs.h */
| #define PACKAGE_NAME "glft"
| #define PACKAGE_TARNAME "glft"
| #define PACKAGE_VERSION "0.1"
| #define PACKAGE_STRING "glft 0.1"
| #define PACKAGE_BUGREPORT "conversy@enac.fr"
| #define PACKAGE_URL ""
| #define PACKAGE "glft"
| #define VERSION "0.1"
| #define STDC_HEADERS 1
| #define HAVE_SYS_TYPES_H 1
| #define HAVE_SYS_STAT_H 1
| #define HAVE_STDLIB_H 1
| #define HAVE_STRING_H 1
| #define HAVE_MEMORY_H 1
| #define HAVE_STRINGS_H 1
| #define HAVE_INTTYPES_H 1
| #define HAVE_STDINT_H 1
| #define HAVE_UNISTD_H 1
| #define HAVE_DLFCN_H 1
| #define LT_OBJDIR ".libs/"
| /* end confdefs.h.  */
| #include <ac_nonexistent.h>
configure:12749: checking for ld used by g++
configure:12816: result: /Applications/Xcode.app/Contents/Developer/Toolchains/XcodeDefault.xctoolchain/usr/bin/ld
configure:12823: checking if the linker (/Applications/Xcode.app/Contents/Developer/Toolchains/XcodeDefault.xctoolchain/usr/bin/ld) is GNU ld
configure:12838: result: no
configure:12893: checking whether the g++ linker (/Applications/Xcode.app/Contents/Developer/Toolchains/XcodeDefault.xctoolchain/usr/bin/ld) supports shared libraries
configure:13966: result: yes
configure:14002: g++ -c -g -O2  conftest.cpp >&5
configure:14005: $? = 0
configure:14486: checking for g++ option to produce PIC
configure:14493: result: -fno-common -DPIC
configure:14501: checking if g++ PIC flag -fno-common -DPIC works
configure:14519: g++ -c -g -O2  -fno-common -DPIC -DPIC conftest.cpp >&5
configure:14523: $? = 0
configure:14536: result: yes
configure:14559: checking if g++ static flag -static works
configure:14587: result: no
configure:14599: checking if g++ supports -c -o file.o
configure:14620: g++ -c -g -O2  -o out/conftest2.o conftest.cpp >&5
configure:14624: $? = 0
configure:14646: result: yes
configure:14651: checking if g++ supports -c -o file.o
configure:14698: result: yes
configure:14728: checking whether the g++ linker (/Applications/Xcode.app/Contents/Developer/Toolchains/XcodeDefault.xctoolchain/usr/bin/ld) supports shared libraries
configure:14768: result: yes
configure:14909: checking dynamic linker characteristics
configure:15654: result: darwin15.2.0 dyld
configure:15719: checking how to hardcode library paths into programs
configure:15744: result: immediate
configure:16110: checking whether to use gllist
configure:16117: result: yes
configure:16128: checking for freetype-config
configure:16144: found /usr/local/bin/freetype-config
configure:16156: result: yes
configure:16184: checking freetype2/config/ftconfig.h usability
configure:16184: g++ -c -g -O2 -DGLFT_USE_GLLIST=1  -I/usr/X11R6/include -I/sw/include -I/Users/jdean/Development/svgl/glft/local/include -I/System/Library/Frameworks/AGL.framework/Headers -I/usr/local/Cellar/freetype/2.6_1/include/freetype2 conftest.cpp >&5
configure:16184: $? = 0
configure:16184: result: yes
configure:16184: checking freetype2/config/ftconfig.h presence
configure:16184: g++ -E -DGLFT_USE_GLLIST=1  -I/usr/X11R6/include -I/sw/include -I/Users/jdean/Development/svgl/glft/local/include -I/System/Library/Frameworks/AGL.framework/Headers -I/usr/local/Cellar/freetype/2.6_1/include/freetype2 conftest.cpp
configure:16184: $? = 0
configure:16184: result: yes
configure:16184: checking for freetype2/config/ftconfig.h
configure:16184: result: yes
configure:16193: checking for FT_Init_FreeType in -lfreetype
configure:16218: g++ -o conftest -g -O2 -DGLFT_USE_GLLIST=1  -I/usr/X11R6/include -I/sw/include -I/Users/jdean/Development/svgl/glft/local/include -I/System/Library/Frameworks/AGL.framework/Headers -I/usr/local/Cellar/freetype/2.6_1/include/freetype2  -L/usr/X11R6/lib -L/sw/lib  -L/usr/local/Cellar/freetype/2.6_1/lib conftest.cpp -lfreetype   -framework OpenGL >&5
ld: warning: directory not found for option '-L/sw/lib'
configure:16218: $? = 0
configure:16227: result: yes
configure:16354: checking that generated files are newer than configure
configure:16360: result: done
configure:16395: creating ./config.status

## ---------------------- ##
## Running config.status. ##
## ---------------------- ##

This file was extended by glft config.status 0.1, which was
generated by GNU Autoconf 2.69.  Invocation command line was

  CONFIG_FILES    = 
  CONFIG_HEADERS  = 
  CONFIG_LINKS    = 
  CONFIG_COMMANDS = 
  $ ./config.status 

on jdean-mbp.local

config.status:1157: creating Makefile
config.status:1157: creating glft/Makefile
config.status:1157: creating demos/Makefile
config.status:1157: creating glft.pc
config.status:1157: creating glft-uninstalled.pc
config.status:1157: creating glft/config.hpp
config.status:1338: glft/config.hpp is unchanged
config.status:1386: executing depfiles commands
config.status:1386: executing libtool commands

## ---------------- ##
## Cache variables. ##
## ---------------- ##

ac_cv_build=i686-apple-darwin15.2.0
ac_cv_c_compiler_gnu=yes
ac_cv_cxx_compiler_gnu=yes
ac_cv_env_CCC_set=
ac_cv_env_CCC_value=
ac_cv_env_CC_set=
ac_cv_env_CC_value=
ac_cv_env_CFLAGS_set=
ac_cv_env_CFLAGS_value=
ac_cv_env_CPPFLAGS_set=
ac_cv_env_CPPFLAGS_value=
ac_cv_env_CPP_set=
ac_cv_env_CPP_value=
ac_cv_env_CXXCPP_set=
ac_cv_env_CXXCPP_value=
ac_cv_env_CXXFLAGS_set=
ac_cv_env_CXXFLAGS_value=
ac_cv_env_CXX_set=
ac_cv_env_CXX_value=
ac_cv_env_LDFLAGS_set=
ac_cv_env_LDFLAGS_value=
ac_cv_env_LIBS_set=
ac_cv_env_LIBS_value=
ac_cv_env_LT_SYS_LIBRARY_PATH_set=
ac_cv_env_LT_SYS_LIBRARY_PATH_value=
ac_cv_env_build_alias_set=
ac_cv_env_build_alias_value=
ac_cv_env_host_alias_set=
ac_cv_env_host_alias_value=
ac_cv_env_target_alias_set=
ac_cv_env_target_alias_value=
ac_cv_header_dlfcn_h=yes
ac_cv_header_freetype2_config_ftconfig_h=yes
ac_cv_header_inttypes_h=yes
ac_cv_header_memory_h=yes
ac_cv_header_stdc=yes
ac_cv_header_stdint_h=yes
ac_cv_header_stdlib_h=yes
ac_cv_header_string_h=yes
ac_cv_header_strings_h=yes
ac_cv_header_sys_stat_h=yes
ac_cv_header_sys_types_h=yes
ac_cv_header_unistd_h=yes
ac_cv_host=i686-apple-darwin15.2.0
ac_cv_lib_freetype_FT_Init_FreeType=yes
ac_cv_objext=o
ac_cv_path_EGREP='/usr/bin/grep -E'
ac_cv_path_FGREP='/usr/bin/grep -F'
ac_cv_path_GREP=/usr/bin/grep
ac_cv_path_SED=/usr/bin/sed
ac_cv_path_install='/usr/bin/install -c'
ac_cv_path_lt_DD=/bin/dd
ac_cv_prog_AWK=awk
ac_cv_prog_CPP='gcc -E'
ac_cv_prog_CXXCPP='g++ -E'
ac_cv_prog_FREETYPE_CONFIG=yes
ac_cv_prog_ac_ct_AR=ar
ac_cv_prog_ac_ct_CC=gcc
ac_cv_prog_ac_ct_CXX=g++
ac_cv_prog_ac_ct_DSYMUTIL=dsymutil
ac_cv_prog_ac_ct_LIPO=lipo
ac_cv_prog_ac_ct_NMEDIT=nmedit
ac_cv_prog_ac_ct_OTOOL=otool
ac_cv_prog_ac_ct_RANLIB=ranlib
ac_cv_prog_ac_ct_STRIP=strip
ac_cv_prog_cc_c89=
ac_cv_prog_cc_g=yes
ac_cv_prog_cxx_g=yes
ac_cv_prog_make_make_set=yes
ac_cv_use_gllist=yes
am_cv_CC_dependencies_compiler_type=gcc3
am_cv_CXX_dependencies_compiler_type=gcc3
am_cv_make_support_nested_variables=yes
am_cv_prog_cc_c_o=yes
lt_cv_apple_cc_single_mod=yes
lt_cv_ar_at_file=no
lt_cv_deplibs_check_method=pass_all
lt_cv_file_magic_cmd='$MAGIC_CMD'
lt_cv_file_magic_test_file=
lt_cv_ld_exported_symbols_list=yes
lt_cv_ld_force_load=yes
lt_cv_ld_reload_flag=-r
lt_cv_nm_interface='BSD nm'
lt_cv_objdir=.libs
lt_cv_path_LD=/Applications/Xcode.app/Contents/Developer/Toolchains/XcodeDefault.xctoolchain/usr/bin/ld
lt_cv_path_LDCXX=/Applications/Xcode.app/Contents/Developer/Toolchains/XcodeDefault.xctoolchain/usr/bin/ld
lt_cv_path_NM=/usr/bin/nm
lt_cv_path_mainfest_tool=no
lt_cv_prog_compiler_c_o=yes
lt_cv_prog_compiler_c_o_CXX=yes
lt_cv_prog_compiler_pic='-fno-common -DPIC'
lt_cv_prog_compiler_pic_CXX='-fno-common -DPIC'
lt_cv_prog_compiler_pic_works=yes
lt_cv_prog_compiler_pic_works_CXX=yes
lt_cv_prog_compiler_rtti_exceptions=yes
lt_cv_prog_compiler_static_works=no
lt_cv_prog_compiler_static_works_CXX=no
lt_cv_prog_gnu_ld=no
lt_cv_prog_gnu_ldcxx=no
lt_cv_sharedlib_from_linklib_cmd='printf %s\n'
lt_cv_sys_global_symbol_pipe='sed -n -e '\''s/^.*[	 ]\([BCDEGRST][BCDEGRST]*\)[	 ][	 ]*_\([_A-Za-z][_A-Za-z0-9]*\)$/\1 _\2 \2/p'\'' | sed '\''/ __gnu_lto/d'\'''
lt_cv_sys_global_symbol_to_c_name_address='sed -n -e '\''s/^: \(.*\) .*$/  {"\1", (void *) 0},/p'\'' -e '\''s/^[BCDEGRST][BCDEGRST]* .* \(.*\)$/  {"\1", (void *) \&\1},/p'\'''
lt_cv_sys_global_symbol_to_c_name_address_lib_prefix='sed -n -e '\''s/^: \(.*\) .*$/  {"\1", (void *) 0},/p'\'' -e '\''s/^[BCDEGRST][BCDEGRST]* .* \(lib.*\)$/  {"\1", (void *) \&\1},/p'\'' -e '\''s/^[BCDEGRST][BCDEGRST]* .* \(.*\)$/  {"lib\1", (void *) \&\1},/p'\'''
lt_cv_sys_global_symbol_to_cdecl='sed -n -e '\''s/^T .* \(.*\)$/extern int \1();/p'\'' -e '\''s/^[BCDEGRST][BCDEGRST]* .* \(.*\)$/extern char \1;/p'\'''
lt_cv_sys_global_symbol_to_import=
lt_cv_sys_max_cmd_len=196608
lt_cv_to_host_file_cmd=func_convert_file_noop
lt_cv_to_tool_file_cmd=func_convert_file_noop
lt_cv_truncate_bin='/bin/dd bs=4096 count=1'

## ----------------- ##
## Output variables. ##
## ----------------- ##

ACLOCAL='aclocal-1.15'
AMDEPBACKSLASH='\'
AMDEP_FALSE='#'
AMDEP_TRUE=''
AMTAR='$${TAR-tar}'
AM_BACKSLASH='\'
AM_DEFAULT_V='$(AM_DEFAULT_VERBOSITY)'
AM_DEFAULT_VERBOSITY='1'
AM_V='$(V)'
AR='ar'
AUTOCONF='autoconf'
AUTOHEADER='autoheader'
AUTOMAKE='automake-1.15'
AWK='awk'
CC='gcc'
CCDEPMODE='depmode=gcc3'
CFLAGS='-g -O2'
CPP='gcc -E'
CPPFLAGS='-DGLFT_USE_GLLIST=1  -I/usr/X11R6/include -I/sw/include -I/Users/jdean/Development/svgl/glft/local/include -I/System/Library/Frameworks/AGL.framework/Headers -I/usr/local/Cellar/freetype/2.6_1/include/freetype2'
CXX='g++'
CXXCPP='g++ -E'
CXXDEPMODE='depmode=gcc3'
CXXFLAGS='-g -O2'
CYGPATH_W='echo'
DEFS='-DHAVE_CONFIG_H'
DEPDIR='.deps'
DISABLE_SILENT=''
DLLTOOL='false'
DSYMUTIL='dsymutil'
DUMPBIN=''
ECHO_C='\c'
ECHO_N=''
ECHO_T=''
EGREP='/usr/bin/grep -E'
EXEEXT=''
FGREP='/usr/bin/grep -F'
FREETYPE_CONFIG='yes'
GLFT_INCLUDEDIR='${includedir}/glft'
GREP='/usr/bin/grep'
INSTALL_DATA='${INSTALL} -m 644'
INSTALL_PROGRAM='${INSTALL}'
INSTALL_SCRIPT='${INSTALL}'
INSTALL_STRIP_PROGRAM='$(install_sh) -c -s'
LD='/Applications/Xcode.app/Contents/Developer/Toolchains/XcodeDefault.xctoolchain/usr/bin/ld'
LDFLAGS=' -L/usr/X11R6/lib -L/sw/lib  -L/usr/local/Cellar/freetype/2.6_1/lib'
LIBOBJS=''
LIBS='-lfreetype  -framework OpenGL'
LIBTOOL='$(SHELL) $(top_builddir)/libtool'
LIPO='lipo'
LN_S='ln -s'
LTLIBOBJS=''
LT_SYS_LIBRARY_PATH=''
MAKEINFO='makeinfo'
MANIFEST_TOOL=':'
MKDIR_P='build/automake/utils/install-sh -c -d'
NM='/usr/bin/nm'
NMEDIT='nmedit'
OBJDUMP='false'
OBJEXT='o'
OS_IS_CYGWIN_FALSE=''
OS_IS_CYGWIN_TRUE='#'
OS_IS_MACOSX_FALSE='#'
OS_IS_MACOSX_TRUE=''
OTOOL64=':'
OTOOL='otool'
PACKAGE='glft'
PACKAGE_BUGREPORT='conversy@enac.fr'
PACKAGE_NAME='glft'
PACKAGE_STRING='glft 0.1'
PACKAGE_TARNAME='glft'
PACKAGE_URL=''
PACKAGE_VERSION='0.1'
PATH_SEPARATOR=':'
RANLIB='ranlib'
SED='/usr/bin/sed'
SET_MAKE=''
SHELL='/bin/sh'
STRIP='strip'
VERSION='0.1'
ac_ct_AR='ar'
ac_ct_CC='gcc'
ac_ct_CXX='g++'
ac_ct_DUMPBIN=''
am__EXEEXT_FALSE=''
am__EXEEXT_TRUE='#'
am__fastdepCC_FALSE='#'
am__fastdepCC_TRUE=''
am__fastdepCXX_FALSE='#'
am__fastdepCXX_TRUE=''
am__include='include'
am__isrc=''
am__leading_dot='.'
am__nodep='_no'
am__quote=''
am__tar='$${TAR-tar} chof - "$$tardir"'
am__untar='$${TAR-tar} xf -'
bindir='${exec_prefix}/bin'
build='i686-apple-darwin15.2.0'
build_alias=''
build_cpu='i686'
build_os='darwin15.2.0'
build_vendor='apple'
datadir='${datarootdir}'
datarootdir='${prefix}/share'
docdir='${datarootdir}/doc/${PACKAGE_TARNAME}'
dvidir='${docdir}'
exec_prefix='${prefix}'
host='i686-apple-darwin15.2.0'
host_alias=''
host_cpu='i686'
host_os='darwin15.2.0'
host_vendor='apple'
htmldir='${docdir}'
includedir='${prefix}/include'
infodir='${datarootdir}/info'
install_sh='${SHELL} /Users/jdean/Development/svgl/glft/build/automake/utils/install-sh'
libdir='${exec_prefix}/lib'
libexecdir='${exec_prefix}/libexec'
localedir='${datarootdir}/locale'
localstatedir='${prefix}/var'
mandir='${datarootdir}/man'
mkdir_p='$(MKDIR_P)'
oldincludedir='/usr/include'
pdfdir='${docdir}'
prefix='/usr/local'
program_transform_name='s,x,x,'
psdir='${docdir}'
sbindir='${exec_prefix}/sbin'
sharedstatedir='${prefix}/com'
sysconfdir='${prefix}/etc'
target_alias=''

## ----------- ##
## confdefs.h. ##
## ----------- ##

/* confdefs.h */
#define PACKAGE_NAME "glft"
#define PACKAGE_TARNAME "glft"
#define PACKAGE_VERSION "0.1"
#define PACKAGE_STRING "glft 0.1"
#define PACKAGE_BUGREPORT "conversy@enac.fr"
#define PACKAGE_URL ""
#define PACKAGE "glft"
#define VERSION "0.1"
#define STDC_HEADERS 1
#define HAVE_SYS_TYPES_H 1
#define HAVE_SYS_STAT_H 1
#define HAVE_STDLIB_H 1
#define HAVE_STRING_H 1
#define HAVE_MEMORY_H 1
#define HAVE_STRINGS_H 1
#define HAVE_INTTYPES_H 1
#define HAVE_STDINT_H 1
#define HAVE_UNISTD_H 1
#define HAVE_DLFCN_H 1
#define LT_OBJDIR ".libs/"
#define OS_IS_MACOSX 1
#define HAVE_LIBFREETYPE 1

configure: exit 0
